\BOOKMARK [0][-]{section*.4}{Contents}{}% 1
\BOOKMARK [0][-]{section*.5}{List of Figures}{}% 2
\BOOKMARK [0][-]{section*.6}{List of Tables}{}% 3
\BOOKMARK [0][-]{chapter*.7}{Abstract}{}% 4
\BOOKMARK [0][-]{chapter*.10}{Estratto in lingua Italiana}{}% 5
\BOOKMARK [0][-]{chapter.1}{Introduction}{}% 6
\BOOKMARK [1][-]{section.1.1}{Scope}{chapter.1}% 7
\BOOKMARK [1][-]{section.1.2}{Thesis Structure}{chapter.1}% 8
\BOOKMARK [0][-]{chapter.2}{State of the Art}{}% 9
\BOOKMARK [1][-]{section.2.1}{Related Work}{chapter.2}% 10
\BOOKMARK [2][-]{subsection.2.1.1}{GANs in Medical Imaging}{section.2.1}% 11
\BOOKMARK [1][-]{section.2.2}{Theoretical Background}{chapter.2}% 12
\BOOKMARK [2][-]{subsection.2.2.1}{Convolutional Neural Network}{section.2.2}% 13
\BOOKMARK [2][-]{subsection.2.2.2}{Generative Adversarial Network}{section.2.2}% 14
\BOOKMARK [2][-]{subsection.2.2.3}{Deep Convolutional GAN \(DCGAN\)}{section.2.2}% 15
\BOOKMARK [2][-]{subsection.2.2.4}{Conditional GAN}{section.2.2}% 16
\BOOKMARK [2][-]{subsection.2.2.5}{Image-to-Image translation with Conditional GAN}{section.2.2}% 17
\BOOKMARK [1][-]{section.2.3}{Summary}{chapter.2}% 18
\BOOKMARK [0][-]{chapter.3}{Brain Tumor MRI}{}% 19
\BOOKMARK [1][-]{section.3.1}{Magnetic Resonance Imaging}{chapter.3}% 20
\BOOKMARK [1][-]{section.3.2}{Brain MRI Generation}{chapter.3}% 21
\BOOKMARK [1][-]{section.3.3}{Dataset}{chapter.3}% 22
\BOOKMARK [2][-]{subsection.3.3.1}{Dataset Organization}{section.3.3}% 23
\BOOKMARK [2][-]{subsection.3.3.2}{Images}{section.3.3}% 24
\BOOKMARK [1][-]{section.3.4}{Preprocessing}{chapter.3}% 25
\BOOKMARK [2][-]{subsection.3.4.1}{Cropping}{section.3.4}% 26
\BOOKMARK [2][-]{subsection.3.4.2}{Normalization}{section.3.4}% 27
\BOOKMARK [1][-]{section.3.5}{Summary}{chapter.3}% 28
\BOOKMARK [0][-]{chapter.4}{System Design and Overview}{}% 29
\BOOKMARK [1][-]{section.4.1}{Input Pipeline}{chapter.4}% 30
\BOOKMARK [1][-]{section.4.2}{Neural Networks Architecture}{chapter.4}% 31
\BOOKMARK [2][-]{subsection.4.2.1}{Pix2pix}{section.4.2}% 32
\BOOKMARK [2][-]{subsection.4.2.2}{MI-pix2pix}{section.4.2}% 33
\BOOKMARK [2][-]{subsection.4.2.3}{MI-GAN}{section.4.2}% 34
\BOOKMARK [1][-]{section.4.3}{Training}{chapter.4}% 35
\BOOKMARK [2][-]{subsection.4.3.1}{Loss Formulation}{section.4.3}% 36
\BOOKMARK [2][-]{subsection.4.3.2}{Training Algorithm}{section.4.3}% 37
\BOOKMARK [2][-]{subsection.4.3.3}{Implementation Details}{section.4.3}% 38
\BOOKMARK [1][-]{section.4.4}{Evaluation Metrics}{chapter.4}% 39
\BOOKMARK [2][-]{subsection.4.4.1}{Evaluation of the Whole Image}{section.4.4}% 40
\BOOKMARK [2][-]{subsection.4.4.2}{Evaluation of the Tumor Area}{section.4.4}% 41
\BOOKMARK [1][-]{section.4.5}{Summary}{chapter.4}% 42
\BOOKMARK [0][-]{chapter.5}{Results}{}% 43
\BOOKMARK [1][-]{section.5.1}{Quantitative Results}{chapter.5}% 44
\BOOKMARK [2][-]{subsection.5.1.1}{Generation of TEXT}{section.5.1}% 45
\BOOKMARK [2][-]{subsection.5.1.2}{Generation of TEXT}{section.5.1}% 46
\BOOKMARK [2][-]{subsection.5.1.3}{Generation of TEXT}{section.5.1}% 47
\BOOKMARK [2][-]{subsection.5.1.4}{Generation of TEXT}{section.5.1}% 48
\BOOKMARK [1][-]{section.5.2}{Qualitative Results}{chapter.5}% 49
\BOOKMARK [2][-]{subsection.5.2.1}{Generated Samples}{section.5.2}% 50
\BOOKMARK [2][-]{subsection.5.2.2}{Segmentation using GAN Predictions}{section.5.2}% 51
\BOOKMARK [1][-]{section.5.3}{Results Evaluation}{chapter.5}% 52
\BOOKMARK [2][-]{subsection.5.3.1}{Quantitative Results Discussion}{section.5.3}% 53
\BOOKMARK [2][-]{subsection.5.3.2}{Visual Acknowledgment}{section.5.3}% 54
\BOOKMARK [1][-]{section.5.4}{Summary}{chapter.5}% 55
\BOOKMARK [0][-]{chapter.6}{Experiments}{}% 56
\BOOKMARK [1][-]{section.6.1}{Skip Connections Analysis}{chapter.6}% 57
\BOOKMARK [2][-]{subsection.6.1.1}{Channels Turned Off}{section.6.1}% 58
\BOOKMARK [2][-]{subsection.6.1.2}{Channels Perturbed}{section.6.1}% 59
\BOOKMARK [1][-]{section.6.2}{Internal Connections Analysis}{chapter.6}% 60
\BOOKMARK [1][-]{section.6.3}{Experiments Discussion}{chapter.6}% 61
\BOOKMARK [1][-]{section.6.4}{Summary}{chapter.6}% 62
\BOOKMARK [0][-]{chapter.7}{Conclusions and Future Work}{}% 63
\BOOKMARK [1][-]{section.7.1}{Conclusions}{chapter.7}% 64
\BOOKMARK [1][-]{section.7.2}{Future Work}{chapter.7}% 65
\BOOKMARK [2][-]{subsection.7.2.1}{Open Problems}{section.7.2}% 66
\BOOKMARK [2][-]{subsection.7.2.2}{Possible Applications and Future Develops}{section.7.2}% 67
\BOOKMARK [0][-]{chapter*.73}{Acronyms}{}% 68
\BOOKMARK [0][-]{appendix.A}{Appendix: Further Results from Connections Analysis}{}% 69
