This is pdfTeX, Version 3.14159265-2.6-1.40.20 (TeX Live 2019/Arch Linux) (preloaded format=pdflatex 2020.6.13)  15 JUL 2020 16:36
entering extended mode
 restricted \write18 enabled.
 %&-line parsing enabled.
**template.tex
(./template.tex
LaTeX2e <2019-10-01> patch level 1
(/usr/share/texmf-dist/tex/latex/base/book.cls
Document Class: book 2019/08/27 v1.4j Standard LaTeX document class
(/usr/share/texmf-dist/tex/latex/base/bk12.clo
File: bk12.clo 2019/08/27 v1.4j Standard LaTeX file (size option)
)
\c@part=\count80
\c@chapter=\count81
\c@section=\count82
\c@subsection=\count83
\c@subsubsection=\count84
\c@paragraph=\count85
\c@subparagraph=\count86
\c@figure=\count87
\c@table=\count88
\abovecaptionskip=\skip41
\belowcaptionskip=\skip42
\bibindent=\dimen102
)
(/usr/share/texmf-dist/tex/latex/base/fontenc.sty
Package: fontenc 2018/08/11 v2.0j Standard LaTeX package

(/usr/share/texmf-dist/tex/latex/base/t1enc.def
File: t1enc.def 2018/08/11 v2.0j Standard LaTeX file
LaTeX Font Info:    Redeclaring font encoding T1 on input line 48.
))
(/usr/share/texmf-dist/tex/latex/base/inputenc.sty
Package: inputenc 2018/08/11 v1.3c Input encoding file
\inpenc@prehook=\toks14
\inpenc@posthook=\toks15
)
(/usr/share/texmf-dist/tex/generic/babel/babel.sty
Package: babel 2019/10/15 3.35 The Babel package

(/usr/share/texmf-dist/tex/generic/babel/switch.def
File: switch.def 2019/10/15 3.35 Babel switching mechanism
)
(/usr/share/texmf-dist/tex/generic/babel-italian/italian.ldf
Language: italian 2019/01/05 v.1.4.01 Italian support for the babel system

(/usr/share/texmf-dist/tex/generic/babel/babel.def
File: babel.def 2019/10/15 3.35 Babel common definitions
\babel@savecnt=\count89
\U@D=\dimen103

(/usr/share/texmf-dist/tex/generic/babel/txtbabel.def)
\bbl@dirlevel=\count90
)
\it@lettering=\count91
\it@doublequoteactive=\count92
\it@ISOcompliance=\count93
)
(/usr/share/texmf-dist/tex/generic/babel-english/english.ldf
Language: english 2017/06/06 v3.3r English support from the babel system
\l@canadian = a dialect from \language\l@american 
\l@australian = a dialect from \language\l@british 
\l@newzealand = a dialect from \language\l@british 
))
(/usr/share/texmf-dist/tex/latex/etoolbox/etoolbox.sty
Package: etoolbox 2019/09/21 v2.5h e-TeX tools for LaTeX (JAW)
\etb@tempcnta=\count94
)
(/usr/share/texmf-dist/tex/latex/float/float.sty
Package: float 2001/11/08 v1.3d Float enhancements (AL)
\c@float@type=\count95
\float@exts=\toks16
\float@box=\box27
\@float@everytoks=\toks17
\@floatcapt=\box28
)
(/usr/share/texmf-dist/tex/latex/geometry/geometry.sty
Package: geometry 2018/04/16 v5.8 Page Geometry

(/usr/share/texmf-dist/tex/latex/graphics/keyval.sty
Package: keyval 2014/10/28 v1.15 key=value parser (DPC)
\KV@toks@=\toks18
)
(/usr/share/texmf-dist/tex/generic/oberdiek/ifpdf.sty
Package: ifpdf 2018/09/07 v3.3 Provides the ifpdf switch
)
(/usr/share/texmf-dist/tex/generic/oberdiek/ifvtex.sty
Package: ifvtex 2016/05/16 v1.6 Detect VTeX and its facilities (HO)
Package ifvtex Info: VTeX not detected.
)
(/usr/share/texmf-dist/tex/generic/ifxetex/ifxetex.sty
Package: ifxetex 2010/09/12 v0.6 Provides ifxetex conditional
)
\Gm@cnth=\count96
\Gm@cntv=\count97
\c@Gm@tempcnt=\count98
\Gm@bindingoffset=\dimen104
\Gm@wd@mp=\dimen105
\Gm@odd@mp=\dimen106
\Gm@even@mp=\dimen107
\Gm@layoutwidth=\dimen108
\Gm@layoutheight=\dimen109
\Gm@layouthoffset=\dimen110
\Gm@layoutvoffset=\dimen111
\Gm@dimlist=\toks19
)
(/usr/share/texmf-dist/tex/latex/fancyhdr/fancyhdr.sty
Package: fancyhdr 2019/01/31 v3.10 Extensive control of page headers and footer
s
\f@nch@headwidth=\skip43
\f@nch@O@elh=\skip44
\f@nch@O@erh=\skip45
\f@nch@O@olh=\skip46
\f@nch@O@orh=\skip47
\f@nch@O@elf=\skip48
\f@nch@O@erf=\skip49
\f@nch@O@olf=\skip50
\f@nch@O@orf=\skip51
)
(/usr/share/texmf-dist/tex/latex/multirow/multirow.sty
Package: multirow 2019/05/31 v2.5 Span multiple rows of a table
\multirow@colwidth=\skip52
\multirow@cntb=\count99
\multirow@dima=\skip53
\bigstrutjot=\dimen112
)
(/usr/share/texmf-dist/tex/latex/setspace/setspace.sty
Package: setspace 2011/12/19 v6.7a set line spacing
)
(/usr/share/texmf-dist/tex/latex/emptypage/emptypage.sty
Package: emptypage 2010/05/30 v1.2 Suppress page numbers and headings on empty 
pages
)
(/usr/share/texmf-dist/tex/latex/hyperref/hyperref.sty
Package: hyperref 2019/09/28 v7.00a Hypertext links for LaTeX

(/usr/share/texmf-dist/tex/generic/oberdiek/hobsub-hyperref.sty
Package: hobsub-hyperref 2016/05/16 v1.14 Bundle oberdiek, subset hyperref (HO)


(/usr/share/texmf-dist/tex/generic/oberdiek/hobsub-generic.sty
Package: hobsub-generic 2016/05/16 v1.14 Bundle oberdiek, subset generic (HO)
Package: hobsub 2016/05/16 v1.14 Construct package bundles (HO)
Package: infwarerr 2016/05/16 v1.4 Providing info/warning/error messages (HO)
Package: ltxcmds 2016/05/16 v1.23 LaTeX kernel commands for general use (HO)
Package: ifluatex 2016/05/16 v1.4 Provides the ifluatex switch (HO)
Package ifluatex Info: LuaTeX not detected.
Package hobsub Info: Skipping package `ifvtex' (already loaded).
Package: intcalc 2016/05/16 v1.2 Expandable calculations with integers (HO)
Package hobsub Info: Skipping package `ifpdf' (already loaded).
Package: etexcmds 2016/05/16 v1.6 Avoid name clashes with e-TeX commands (HO)
Package: kvsetkeys 2016/05/16 v1.17 Key value parser (HO)
Package: kvdefinekeys 2016/05/16 v1.4 Define keys (HO)
Package: pdftexcmds 2019/07/25 v0.30 Utility functions of pdfTeX for LuaTeX (HO
)
Package pdftexcmds Info: LuaTeX not detected.
Package pdftexcmds Info: \pdf@primitive is available.
Package pdftexcmds Info: \pdf@ifprimitive is available.
Package pdftexcmds Info: \pdfdraftmode found.
Package: pdfescape 2016/05/16 v1.14 Implements pdfTeX's escape features (HO)
Package: bigintcalc 2016/05/16 v1.4 Expandable calculations on big integers (HO
)
Package: bitset 2016/05/16 v1.2 Handle bit-vector datatype (HO)
Package: uniquecounter 2016/05/16 v1.3 Provide unlimited unique counter (HO)
)
Package hobsub Info: Skipping package `hobsub' (already loaded).
Package: letltxmacro 2016/05/16 v1.5 Let assignment for LaTeX macros (HO)
Package: hopatch 2016/05/16 v1.3 Wrapper for package hooks (HO)
Package: xcolor-patch 2016/05/16 xcolor patch
Package: atveryend 2016/05/16 v1.9 Hooks at the very end of document (HO)
Package: atbegshi 2016/06/09 v1.18 At begin shipout hook (HO)
Package: refcount 2016/05/16 v3.5 Data extraction from label references (HO)
Package: hycolor 2016/05/16 v1.8 Color options for hyperref/bookmark (HO)
)
(/usr/share/texmf-dist/tex/latex/oberdiek/auxhook.sty
Package: auxhook 2016/05/16 v1.4 Hooks for auxiliary files (HO)
)
(/usr/share/texmf-dist/tex/latex/oberdiek/kvoptions.sty
Package: kvoptions 2016/05/16 v3.12 Key value format for package options (HO)
)
\@linkdim=\dimen113
\Hy@linkcounter=\count100
\Hy@pagecounter=\count101

(/usr/share/texmf-dist/tex/latex/hyperref/pd1enc.def
File: pd1enc.def 2019/09/28 v7.00a Hyperref: PDFDocEncoding definition (HO)
Now handling font encoding PD1 ...
... no UTF-8 mapping file for font encoding PD1
)
\Hy@SavedSpaceFactor=\count102

(/usr/share/texmf-dist/tex/latex/latexconfig/hyperref.cfg
File: hyperref.cfg 2002/06/06 v1.2 hyperref configuration of TeXLive
)
Package hyperref Info: Hyper figures OFF on input line 4540.
Package hyperref Info: Link nesting OFF on input line 4545.
Package hyperref Info: Hyper index ON on input line 4548.
Package hyperref Info: Plain pages OFF on input line 4555.
Package hyperref Info: Backreferencing OFF on input line 4560.
Package hyperref Info: Implicit mode ON; LaTeX internals redefined.
Package hyperref Info: Bookmarks ON on input line 4793.
\c@Hy@tempcnt=\count103

(/usr/share/texmf-dist/tex/latex/url/url.sty
\Urlmuskip=\muskip10
Package: url 2013/09/16  ver 3.4  Verb mode for urls, etc.
)
LaTeX Info: Redefining \url on input line 5152.
\XeTeXLinkMargin=\dimen114
\Fld@menulength=\count104
\Field@Width=\dimen115
\Fld@charsize=\dimen116
Package hyperref Info: Hyper figures OFF on input line 6423.
Package hyperref Info: Link nesting OFF on input line 6428.
Package hyperref Info: Hyper index ON on input line 6431.
Package hyperref Info: backreferencing OFF on input line 6438.
Package hyperref Info: Link coloring OFF on input line 6443.
Package hyperref Info: Link coloring with OCG OFF on input line 6448.
Package hyperref Info: PDF/A mode OFF on input line 6453.
LaTeX Info: Redefining \ref on input line 6493.
LaTeX Info: Redefining \pageref on input line 6497.
\Hy@abspage=\count105
\c@Item=\count106
\c@Hfootnote=\count107
)
Package hyperref Info: Driver: hpdftex.

(/usr/share/texmf-dist/tex/latex/hyperref/hpdftex.def
File: hpdftex.def 2019/09/28 v7.00a Hyperref driver for pdfTeX
\Fld@listcount=\count108
\c@bookmark@seq@number=\count109

(/usr/share/texmf-dist/tex/latex/oberdiek/rerunfilecheck.sty
Package: rerunfilecheck 2016/05/16 v1.8 Rerun checks for auxiliary files (HO)
Package uniquecounter Info: New unique counter `rerunfilecheck' on input line 2
82.
)
\Hy@SectionHShift=\skip54
)
Package hyperref Info: Option `colorlinks' set `true' on input line 19.

(/usr/share/texmf-dist/tex/latex/microtype/microtype.sty
Package: microtype 2019/10/10 v2.7c Micro-typographical refinements (RS)
\MT@toks=\toks20
\MT@count=\count110
LaTeX Info: Redefining \textls on input line 790.
\MT@outer@kern=\dimen117
LaTeX Info: Redefining \textmicrotypecontext on input line 1347.
\MT@listname@count=\count111

(/usr/share/texmf-dist/tex/latex/microtype/microtype-pdftex.def
File: microtype-pdftex.def 2019/10/10 v2.7c Definitions specific to pdftex (RS)

LaTeX Info: Redefining \lsstyle on input line 914.
LaTeX Info: Redefining \lslig on input line 914.
\MT@outer@space=\skip55
)
Package microtype Info: Loading configuration file microtype.cfg.

(/usr/share/texmf-dist/tex/latex/microtype/microtype.cfg
File: microtype.cfg 2019/10/10 v2.7c microtype main configuration file (RS)
))
(/usr/share/texmf-dist/tex/latex/appendix/appendix.sty
Package: appendix 2009/09/02 v1.2b extra appendix facilities
\c@@pps=\count112
\c@@ppsavesec=\count113
\c@@ppsaveapp=\count114
)
(/usr/share/texmf-dist/tex/latex/acronym/acronym.sty
Package: acronym 2015/03/21 v1.41 Support for acronyms (Tobias Oetiker)

(/usr/share/texmf-dist/tex/latex/bigfoot/suffix.sty
Package: suffix 2006/07/15 1.5a Variant command support
)
(/usr/share/texmf-dist/tex/generic/xstring/xstring.sty
(/usr/share/texmf-dist/tex/generic/xstring/xstring.tex
\integerpart=\count115
\decimalpart=\count116
)
Package: xstring 2019/02/06 v1.83 String manipulations (CT)
)
\AC@clearlist=\toks21
)
(/usr/share/texmf-dist/tex/latex/eurosym/eurosym.sty
Package: eurosym 1998/08/06 v1.1 European currency symbol ``Euro''
\@eurobox=\box29
)
(/usr/share/texmf-dist/tex/latex/siunitx/siunitx.sty
(/usr/share/texmf-dist/tex/latex/l3kernel/expl3.sty
Package: expl3 2019-10-28 L3 programming layer (loader) 

(/usr/share/texmf-dist/tex/latex/l3kernel/expl3-code.tex
Package: expl3 2019-10-28 L3 programming layer (code)
\c_max_int=\count117
\l_tmpa_int=\count118
\l_tmpb_int=\count119
\g_tmpa_int=\count120
\g_tmpb_int=\count121
\l__seq_internal_a_int=\count122
\l__seq_internal_b_int=\count123
\g__kernel_prg_map_int=\count124
\c__ior_term_noprompt_ior=\count125
\c_log_iow=\count126
\l_iow_line_count_int=\count127
\l__iow_line_target_int=\count128
\l__iow_one_indent_int=\count129
\l__iow_indent_int=\count130
\c_zero_dim=\dimen118
\c_max_dim=\dimen119
\l_tmpa_dim=\dimen120
\l_tmpb_dim=\dimen121
\g_tmpa_dim=\dimen122
\g_tmpb_dim=\dimen123
\c_zero_skip=\skip56
\c_max_skip=\skip57
\l_tmpa_skip=\skip58
\l_tmpb_skip=\skip59
\g_tmpa_skip=\skip60
\g_tmpb_skip=\skip61
\c_zero_muskip=\muskip11
\c_max_muskip=\muskip12
\l_tmpa_muskip=\muskip13
\l_tmpb_muskip=\muskip14
\g_tmpa_muskip=\muskip15
\g_tmpb_muskip=\muskip16
\l_keys_choice_int=\count131
\l__intarray_loop_int=\count132
\c__intarray_sp_dim=\dimen124
\g__intarray_font_int=\count133
\c__fp_leading_shift_int=\count134
\c__fp_middle_shift_int=\count135
\c__fp_trailing_shift_int=\count136
\c__fp_big_leading_shift_int=\count137
\c__fp_big_middle_shift_int=\count138
\c__fp_big_trailing_shift_int=\count139
\c__fp_Bigg_leading_shift_int=\count140
\c__fp_Bigg_middle_shift_int=\count141
\c__fp_Bigg_trailing_shift_int=\count142
\c__kernel_randint_max_int=\count143
\g__fp_array_int=\count144
\l__fp_array_loop_int=\count145
\l__sort_length_int=\count146
\l__sort_min_int=\count147
\l__sort_top_int=\count148
\l__sort_max_int=\count149
\l__sort_true_max_int=\count150
\l__sort_block_int=\count151
\l__sort_begin_int=\count152
\l__sort_end_int=\count153
\l__sort_A_int=\count154
\l__sort_B_int=\count155
\l__sort_C_int=\count156
\l__str_internal_int=\count157
\c__str_replacement_char_int=\count158
\l__tl_analysis_normal_int=\count159
\l__tl_analysis_index_int=\count160
\l__tl_analysis_nesting_int=\count161
\l__tl_analysis_type_int=\count162
\l__regex_internal_a_int=\count163
\l__regex_internal_b_int=\count164
\l__regex_internal_c_int=\count165
\l__regex_balance_int=\count166
\l__regex_group_level_int=\count167
\l__regex_mode_int=\count168
\c__regex_cs_in_class_mode_int=\count169
\c__regex_cs_mode_int=\count170
\l__regex_catcodes_int=\count171
\l__regex_default_catcodes_int=\count172
\c__regex_catcode_D_int=\count173
\c__regex_catcode_S_int=\count174
\c__regex_catcode_L_int=\count175
\c__regex_catcode_O_int=\count176
\c__regex_catcode_A_int=\count177
\c__regex_all_catcodes_int=\count178
\l__regex_show_lines_int=\count179
\l__regex_min_state_int=\count180
\l__regex_max_state_int=\count181
\l__regex_left_state_int=\count182
\l__regex_right_state_int=\count183
\l__regex_capturing_group_int=\count184
\l__regex_min_pos_int=\count185
\l__regex_max_pos_int=\count186
\l__regex_curr_pos_int=\count187
\l__regex_start_pos_int=\count188
\l__regex_success_pos_int=\count189
\l__regex_curr_char_int=\count190
\l__regex_curr_catcode_int=\count191
\l__regex_last_char_int=\count192
\l__regex_case_changed_char_int=\count193
\l__regex_curr_state_int=\count194
\l__regex_step_int=\count195
\l__regex_min_active_int=\count196
\l__regex_max_active_int=\count197
\l__regex_replacement_csnames_int=\count198
\l__regex_match_count_int=\count199
\l__regex_min_submatch_int=\count266
\l__regex_submatch_int=\count267
\l__regex_zeroth_submatch_int=\count268
\g__regex_trace_regex_int=\count269
\c_empty_box=\box30
\l_tmpa_box=\box31
\l_tmpb_box=\box32
\g_tmpa_box=\box33
\g_tmpb_box=\box34
\l__box_top_dim=\dimen125
\l__box_bottom_dim=\dimen126
\l__box_left_dim=\dimen127
\l__box_right_dim=\dimen128
\l__box_top_new_dim=\dimen129
\l__box_bottom_new_dim=\dimen130
\l__box_left_new_dim=\dimen131
\l__box_right_new_dim=\dimen132
\l__box_internal_box=\box35
\l__coffin_internal_box=\box36
\l__coffin_internal_dim=\dimen133
\l__coffin_offset_x_dim=\dimen134
\l__coffin_offset_y_dim=\dimen135
\l__coffin_x_dim=\dimen136
\l__coffin_y_dim=\dimen137
\l__coffin_x_prime_dim=\dimen138
\l__coffin_y_prime_dim=\dimen139
\c_empty_coffin=\box37
\l__coffin_aligned_coffin=\box38
\l__coffin_aligned_internal_coffin=\box39
\l_tmpa_coffin=\box40
\l_tmpb_coffin=\box41
\g_tmpa_coffin=\box42
\g_tmpb_coffin=\box43
\l__coffin_bounding_shift_dim=\dimen140
\l__coffin_left_corner_dim=\dimen141
\l__coffin_right_corner_dim=\dimen142
\l__coffin_bottom_corner_dim=\dimen143
\l__coffin_top_corner_dim=\dimen144
\l__coffin_scaled_total_height_dim=\dimen145
\l__coffin_scaled_width_dim=\dimen146
\c__coffin_empty_coffin=\box44
\l__coffin_display_coffin=\box45
\l__coffin_display_coord_coffin=\box46
\l__coffin_display_pole_coffin=\box47
\l__coffin_display_offset_dim=\dimen147
\l__coffin_display_x_dim=\dimen148
\l__coffin_display_y_dim=\dimen149
\g__char_data_ior=\read1

(/usr/share/texmf-dist/tex/latex/l3kernel/l3deprecation.def
File: l3deprecation.def 2019-04-06 v L3 Deprecated functions
))
(/usr/share/texmf-dist/tex/latex/l3backend/l3backend-pdfmode.def
File: l3backend-pdfmode.def 2019-04-06 L3 backend support: PDF mode
\l__kernel_color_stack_int=\count270
\l__pdf_internal_box=\box48
))
(/usr/share/texmf-dist/tex/latex/l3packages/xparse/xparse.sty
Package: xparse 2019-10-11 L3 Experimental document command parser
\l__xparse_current_arg_int=\count271
\g__xparse_grabber_int=\count272
\l__xparse_m_args_int=\count273
\l__xparse_v_nesting_int=\count274
)
Package: siunitx 2019/10/10 v2.7t A comprehensive (SI) units package

(/usr/share/texmf-dist/tex/latex/amsmath/amstext.sty
Package: amstext 2000/06/29 v2.01 AMS text

(/usr/share/texmf-dist/tex/latex/amsmath/amsgen.sty
File: amsgen.sty 1999/11/30 v2.0 generic functions
\@emptytoks=\toks22
\ex@=\dimen150
))
(/usr/share/texmf-dist/tex/latex/tools/array.sty
Package: array 2019/08/31 v2.4l Tabular extension package (FMi)
\col@sep=\dimen151
\ar@mcellbox=\box49
\extrarowheight=\dimen152
\NC@list=\toks23
\extratabsurround=\skip62
\backup@length=\skip63
\ar@cellbox=\box50
)
(/usr/share/texmf-dist/tex/latex/l3packages/l3keys2e/l3keys2e.sty
Package: l3keys2e 2019-10-11 LaTeX2e option processing using LaTeX3 keys
)
\l__siunitx_tmp_box=\box51
\l__siunitx_tmp_dim=\dimen153
\l__siunitx_tmp_int=\count275
\l__siunitx_number_mantissa_length_int=\count276
\l__siunitx_number_uncert_length_int=\count277
\l__siunitx_round_int=\count278
\l__siunitx_process_decimal_int=\count279
\l__siunitx_process_uncertainty_int=\count280
\l__siunitx_process_fixed_int=\count281
\l__siunitx_process_integer_min_int=\count282
\l__siunitx_process_precision_int=\count283
\l__siunitx_group_min_int=\count284
\l__siunitx_angle_marker_box=\box52
\l__siunitx_angle_unit_box=\box53
\l__siunitx_angle_marker_dim=\dimen154
\l__siunitx_angle_unit_dim=\dimen155
\l__siunitx_unit_int=\count285
\l__siunitx_unit_denominator_int=\count286
\l__siunitx_unit_numerator_int=\count287
\l__siunitx_unit_prefix_int=\count288
\l__siunitx_unit_prefix_base_int=\count289
\l__siunitx_unit_prefix_gram_int=\count290
\l__siunitx_number_product_int=\count291
\c__siunitx_one_fill_skip=\skip64
\l__siunitx_table_unit_align_skip=\skip65
\l__siunitx_table_exponent_dim=\dimen156
\l__siunitx_table_integer_dim=\dimen157
\l__siunitx_table_mantissa_dim=\dimen158
\l__siunitx_table_marker_dim=\dimen159
\l__siunitx_table_result_dim=\dimen160
\l__siunitx_table_uncert_dim=\dimen161
\l__siunitx_table_fill_pre_dim=\dimen162
\l__siunitx_table_fill_post_dim=\dimen163
\l__siunitx_table_fill_mid_dim=\dimen164
\l__siunitx_table_pre_box=\box54
\l__siunitx_table_post_box=\box55
\l__siunitx_table_mantissa_box=\box56
\l__siunitx_table_result_box=\box57
\l__siunitx_table_number_align_skip=\skip66
\l__siunitx_table_text_align_skip=\skip67

(/usr/share/texmf-dist/tex/latex/translator/translator.sty
Package: translator 2019-05-31 v1.12a Easy translation of strings in LaTeX
))
(/usr/share/texmf-dist/tex/latex/mathtools/mathtools.sty
Package: mathtools 2019/07/31 v1.22 mathematical typesetting tools

(/usr/share/texmf-dist/tex/latex/tools/calc.sty
Package: calc 2017/05/25 v4.3 Infix arithmetic (KKT,FJ)
\calc@Acount=\count292
\calc@Bcount=\count293
\calc@Adimen=\dimen165
\calc@Bdimen=\dimen166
\calc@Askip=\skip68
\calc@Bskip=\skip69
LaTeX Info: Redefining \setlength on input line 80.
LaTeX Info: Redefining \addtolength on input line 81.
\calc@Ccount=\count294
\calc@Cskip=\skip70
)
(/usr/share/texmf-dist/tex/latex/mathtools/mhsetup.sty
Package: mhsetup 2017/03/31 v1.3 programming setup (MH)
)
(/usr/share/texmf-dist/tex/latex/amsmath/amsmath.sty
Package: amsmath 2019/04/01 v2.17c AMS math features
\@mathmargin=\skip71

For additional information on amsmath, use the `?' option.
(/usr/share/texmf-dist/tex/latex/amsmath/amsbsy.sty
Package: amsbsy 1999/11/29 v1.2d Bold Symbols
\pmbraise@=\dimen167
)
(/usr/share/texmf-dist/tex/latex/amsmath/amsopn.sty
Package: amsopn 2016/03/08 v2.02 operator names
)
\inf@bad=\count295
LaTeX Info: Redefining \frac on input line 227.
\uproot@=\count296
\leftroot@=\count297
LaTeX Info: Redefining \overline on input line 389.
\classnum@=\count298
\DOTSCASE@=\count299
LaTeX Info: Redefining \ldots on input line 486.
LaTeX Info: Redefining \dots on input line 489.
LaTeX Info: Redefining \cdots on input line 610.
\Mathstrutbox@=\box58
\strutbox@=\box59
\big@size=\dimen168
LaTeX Font Info:    Redeclaring font encoding OML on input line 733.
LaTeX Font Info:    Redeclaring font encoding OMS on input line 734.
\macc@depth=\count300
\c@MaxMatrixCols=\count301
\dotsspace@=\muskip17
\c@parentequation=\count302
\dspbrk@lvl=\count303
\tag@help=\toks24
\row@=\count304
\column@=\count305
\maxfields@=\count306
\andhelp@=\toks25
\eqnshift@=\dimen169
\alignsep@=\dimen170
\tagshift@=\dimen171
\tagwidth@=\dimen172
\totwidth@=\dimen173
\lineht@=\dimen174
\@envbody=\toks26
\multlinegap=\skip72
\multlinetaggap=\skip73
\mathdisplay@stack=\toks27
LaTeX Info: Redefining \[ on input line 2855.
LaTeX Info: Redefining \] on input line 2856.
)
LaTeX Info: Thecontrolsequence`\('isalreadyrobust on input line 129.
LaTeX Info: Thecontrolsequence`\)'isalreadyrobust on input line 129.
LaTeX Info: Thecontrolsequence`\['isalreadyrobust on input line 129.
LaTeX Info: Thecontrolsequence`\]'isalreadyrobust on input line 129.
\g_MT_multlinerow_int=\count307
\l_MT_multwidth_dim=\dimen175
\origjot=\skip74
\l_MT_shortvdotswithinadjustabove_dim=\dimen176
\l_MT_shortvdotswithinadjustbelow_dim=\dimen177
\l_MT_above_intertext_sep=\dimen178
\l_MT_below_intertext_sep=\dimen179
\l_MT_above_shortintertext_sep=\dimen180
\l_MT_below_shortintertext_sep=\dimen181
)
(/usr/share/texmf-dist/tex/latex/booktabs/booktabs.sty
Package: booktabs 2019/10/08 v1.6180339 publication quality tables
\heavyrulewidth=\dimen182
\lightrulewidth=\dimen183
\cmidrulewidth=\dimen184
\belowrulesep=\dimen185
\belowbottomsep=\dimen186
\aboverulesep=\dimen187
\abovetopsep=\dimen188
\cmidrulesep=\dimen189
\cmidrulekern=\dimen190
\defaultaddspace=\dimen191
\@cmidla=\count308
\@cmidlb=\count309
\@aboverulesep=\dimen192
\@belowrulesep=\dimen193
\@thisruleclass=\count310
\@lastruleclass=\count311
\@thisrulewidth=\dimen194
)
(/usr/share/texmf-dist/tex/latex/pgfplots/pgfplotstable.sty
(/usr/share/texmf-dist/tex/generic/pgfplots/pgfplots.revision.tex)
Package: pgfplotstable 2018/03/28 v1.16 Table typesetting and Pretty-printing (
1.16)

(/usr/share/texmf-dist/tex/latex/pgfplots/pgfplots.sty
(/usr/share/texmf-dist/tex/generic/pgfplots/pgfplots.revision.tex)
Package: pgfplots 2018/03/28 v1.16 Data Visualization (1.16)

(/usr/share/texmf-dist/tex/latex/graphics/graphicx.sty
Package: graphicx 2017/06/01 v1.1a Enhanced LaTeX Graphics (DPC,SPQR)

(/usr/share/texmf-dist/tex/latex/graphics/graphics.sty
Package: graphics 2019/10/08 v1.3c Standard LaTeX Graphics (DPC,SPQR)

(/usr/share/texmf-dist/tex/latex/graphics/trig.sty
Package: trig 2016/01/03 v1.10 sin cos tan (DPC)
)
(/usr/share/texmf-dist/tex/latex/graphics-cfg/graphics.cfg
File: graphics.cfg 2016/06/04 v1.11 sample graphics configuration
)
Package graphics Info: Driver file: pdftex.def on input line 105.

(/usr/share/texmf-dist/tex/latex/graphics-def/pdftex.def
File: pdftex.def 2018/01/08 v1.0l Graphics/color driver for pdftex
))
\Gin@req@height=\dimen195
\Gin@req@width=\dimen196
)
(/usr/share/texmf-dist/tex/latex/pgf/frontendlayer/tikz.sty
(/usr/share/texmf-dist/tex/latex/pgf/basiclayer/pgf.sty
(/usr/share/texmf-dist/tex/latex/pgf/utilities/pgfrcs.sty
(/usr/share/texmf-dist/tex/generic/pgf/utilities/pgfutil-common.tex
\pgfutil@everybye=\toks28
\pgfutil@tempdima=\dimen197
\pgfutil@tempdimb=\dimen198

(/usr/share/texmf-dist/tex/generic/pgf/utilities/pgfutil-common-lists.tex))
(/usr/share/texmf-dist/tex/generic/pgf/utilities/pgfutil-latex.def
\pgfutil@abb=\box60

(/usr/share/texmf-dist/tex/latex/ms/everyshi.sty
Package: everyshi 2001/05/15 v3.00 EveryShipout Package (MS)
))
(/usr/share/texmf-dist/tex/generic/pgf/utilities/pgfrcs.code.tex
(/usr/share/texmf-dist/tex/generic/pgf/pgf.revision.tex)
Package: pgfrcs 2019/08/03 v3.1.4b (3.1.4b)
))
Package: pgf 2019/08/03 v3.1.4b (3.1.4b)

(/usr/share/texmf-dist/tex/latex/pgf/basiclayer/pgfcore.sty
(/usr/share/texmf-dist/tex/latex/pgf/systemlayer/pgfsys.sty
(/usr/share/texmf-dist/tex/generic/pgf/systemlayer/pgfsys.code.tex
Package: pgfsys 2019/08/03 v3.1.4b (3.1.4b)

(/usr/share/texmf-dist/tex/generic/pgf/utilities/pgfkeys.code.tex
\pgfkeys@pathtoks=\toks29
\pgfkeys@temptoks=\toks30

(/usr/share/texmf-dist/tex/generic/pgf/utilities/pgfkeysfiltered.code.tex
\pgfkeys@tmptoks=\toks31
))
\pgf@x=\dimen199
\pgf@y=\dimen256
\pgf@xa=\dimen257
\pgf@ya=\dimen258
\pgf@xb=\dimen259
\pgf@yb=\dimen260
\pgf@xc=\dimen261
\pgf@yc=\dimen262
\pgf@xd=\dimen263
\pgf@yd=\dimen264
\w@pgf@writea=\write3
\r@pgf@reada=\read2
\c@pgf@counta=\count312
\c@pgf@countb=\count313
\c@pgf@countc=\count314
\c@pgf@countd=\count315
\t@pgf@toka=\toks32
\t@pgf@tokb=\toks33
\t@pgf@tokc=\toks34
\pgf@sys@id@count=\count316

(/usr/share/texmf-dist/tex/generic/pgf/systemlayer/pgf.cfg
File: pgf.cfg 2019/08/03 v3.1.4b (3.1.4b)
)
Driver file for pgf: pgfsys-pdftex.def

(/usr/share/texmf-dist/tex/generic/pgf/systemlayer/pgfsys-pdftex.def
File: pgfsys-pdftex.def 2019/08/03 v3.1.4b (3.1.4b)

(/usr/share/texmf-dist/tex/generic/pgf/systemlayer/pgfsys-common-pdf.def
File: pgfsys-common-pdf.def 2019/08/03 v3.1.4b (3.1.4b)
)))
(/usr/share/texmf-dist/tex/generic/pgf/systemlayer/pgfsyssoftpath.code.tex
File: pgfsyssoftpath.code.tex 2019/08/03 v3.1.4b (3.1.4b)
\pgfsyssoftpath@smallbuffer@items=\count317
\pgfsyssoftpath@bigbuffer@items=\count318
)
(/usr/share/texmf-dist/tex/generic/pgf/systemlayer/pgfsysprotocol.code.tex
File: pgfsysprotocol.code.tex 2019/08/03 v3.1.4b (3.1.4b)
))
(/usr/share/texmf-dist/tex/latex/xcolor/xcolor.sty
Package: xcolor 2016/05/11 v2.12 LaTeX color extensions (UK)

(/usr/share/texmf-dist/tex/latex/graphics-cfg/color.cfg
File: color.cfg 2016/01/02 v1.6 sample color configuration
)
Package xcolor Info: Driver file: pdftex.def on input line 225.
Package xcolor Info: Model `cmy' substituted by `cmy0' on input line 1348.
Package xcolor Info: Model `hsb' substituted by `rgb' on input line 1352.
Package xcolor Info: Model `RGB' extended on input line 1364.
Package xcolor Info: Model `HTML' substituted by `rgb' on input line 1366.
Package xcolor Info: Model `Hsb' substituted by `hsb' on input line 1367.
Package xcolor Info: Model `tHsb' substituted by `hsb' on input line 1368.
Package xcolor Info: Model `HSB' substituted by `hsb' on input line 1369.
Package xcolor Info: Model `Gray' substituted by `gray' on input line 1370.
Package xcolor Info: Model `wave' substituted by `hsb' on input line 1371.
)
(/usr/share/texmf-dist/tex/generic/pgf/basiclayer/pgfcore.code.tex
Package: pgfcore 2019/08/03 v3.1.4b (3.1.4b)

(/usr/share/texmf-dist/tex/generic/pgf/math/pgfmath.code.tex
(/usr/share/texmf-dist/tex/generic/pgf/math/pgfmathcalc.code.tex
(/usr/share/texmf-dist/tex/generic/pgf/math/pgfmathutil.code.tex)
(/usr/share/texmf-dist/tex/generic/pgf/math/pgfmathparser.code.tex
\pgfmath@dimen=\dimen265
\pgfmath@count=\count319
\pgfmath@box=\box61
\pgfmath@toks=\toks35
\pgfmath@stack@operand=\toks36
\pgfmath@stack@operation=\toks37
)
(/usr/share/texmf-dist/tex/generic/pgf/math/pgfmathfunctions.code.tex
(/usr/share/texmf-dist/tex/generic/pgf/math/pgfmathfunctions.basic.code.tex)
(/usr/share/texmf-dist/tex/generic/pgf/math/pgfmathfunctions.trigonometric.code
.tex)
(/usr/share/texmf-dist/tex/generic/pgf/math/pgfmathfunctions.random.code.tex)
(/usr/share/texmf-dist/tex/generic/pgf/math/pgfmathfunctions.comparison.code.te
x) (/usr/share/texmf-dist/tex/generic/pgf/math/pgfmathfunctions.base.code.tex)
(/usr/share/texmf-dist/tex/generic/pgf/math/pgfmathfunctions.round.code.tex)
(/usr/share/texmf-dist/tex/generic/pgf/math/pgfmathfunctions.misc.code.tex)
(/usr/share/texmf-dist/tex/generic/pgf/math/pgfmathfunctions.integerarithmetics
.code.tex))) (/usr/share/texmf-dist/tex/generic/pgf/math/pgfmathfloat.code.tex
\c@pgfmathroundto@lastzeros=\count320
)) (/usr/share/texmf-dist/tex/generic/pgf/math/pgfint.code.tex)
(/usr/share/texmf-dist/tex/generic/pgf/basiclayer/pgfcorepoints.code.tex
File: pgfcorepoints.code.tex 2019/08/03 v3.1.4b (3.1.4b)
\pgf@picminx=\dimen266
\pgf@picmaxx=\dimen267
\pgf@picminy=\dimen268
\pgf@picmaxy=\dimen269
\pgf@pathminx=\dimen270
\pgf@pathmaxx=\dimen271
\pgf@pathminy=\dimen272
\pgf@pathmaxy=\dimen273
\pgf@xx=\dimen274
\pgf@xy=\dimen275
\pgf@yx=\dimen276
\pgf@yy=\dimen277
\pgf@zx=\dimen278
\pgf@zy=\dimen279
)
(/usr/share/texmf-dist/tex/generic/pgf/basiclayer/pgfcorepathconstruct.code.tex
File: pgfcorepathconstruct.code.tex 2019/08/03 v3.1.4b (3.1.4b)
\pgf@path@lastx=\dimen280
\pgf@path@lasty=\dimen281
) (/usr/share/texmf-dist/tex/generic/pgf/basiclayer/pgfcorepathusage.code.tex
File: pgfcorepathusage.code.tex 2019/08/03 v3.1.4b (3.1.4b)
\pgf@shorten@end@additional=\dimen282
\pgf@shorten@start@additional=\dimen283
)
(/usr/share/texmf-dist/tex/generic/pgf/basiclayer/pgfcorescopes.code.tex
File: pgfcorescopes.code.tex 2019/08/03 v3.1.4b (3.1.4b)
\pgfpic=\box62
\pgf@hbox=\box63
\pgf@layerbox@main=\box64
\pgf@picture@serial@count=\count321
)
(/usr/share/texmf-dist/tex/generic/pgf/basiclayer/pgfcoregraphicstate.code.tex
File: pgfcoregraphicstate.code.tex 2019/08/03 v3.1.4b (3.1.4b)
\pgflinewidth=\dimen284
)
(/usr/share/texmf-dist/tex/generic/pgf/basiclayer/pgfcoretransformations.code.t
ex
File: pgfcoretransformations.code.tex 2019/08/03 v3.1.4b (3.1.4b)
\pgf@pt@x=\dimen285
\pgf@pt@y=\dimen286
\pgf@pt@temp=\dimen287
) (/usr/share/texmf-dist/tex/generic/pgf/basiclayer/pgfcorequick.code.tex
File: pgfcorequick.code.tex 2019/08/03 v3.1.4b (3.1.4b)
)
(/usr/share/texmf-dist/tex/generic/pgf/basiclayer/pgfcoreobjects.code.tex
File: pgfcoreobjects.code.tex 2019/08/03 v3.1.4b (3.1.4b)
)
(/usr/share/texmf-dist/tex/generic/pgf/basiclayer/pgfcorepathprocessing.code.te
x
File: pgfcorepathprocessing.code.tex 2019/08/03 v3.1.4b (3.1.4b)
) (/usr/share/texmf-dist/tex/generic/pgf/basiclayer/pgfcorearrows.code.tex
File: pgfcorearrows.code.tex 2019/08/03 v3.1.4b (3.1.4b)
\pgfarrowsep=\dimen288
)
(/usr/share/texmf-dist/tex/generic/pgf/basiclayer/pgfcoreshade.code.tex
File: pgfcoreshade.code.tex 2019/08/03 v3.1.4b (3.1.4b)
\pgf@max=\dimen289
\pgf@sys@shading@range@num=\count322
\pgf@shadingcount=\count323
)
(/usr/share/texmf-dist/tex/generic/pgf/basiclayer/pgfcoreimage.code.tex
File: pgfcoreimage.code.tex 2019/08/03 v3.1.4b (3.1.4b)

(/usr/share/texmf-dist/tex/generic/pgf/basiclayer/pgfcoreexternal.code.tex
File: pgfcoreexternal.code.tex 2019/08/03 v3.1.4b (3.1.4b)
\pgfexternal@startupbox=\box65
))
(/usr/share/texmf-dist/tex/generic/pgf/basiclayer/pgfcorelayers.code.tex
File: pgfcorelayers.code.tex 2019/08/03 v3.1.4b (3.1.4b)
)
(/usr/share/texmf-dist/tex/generic/pgf/basiclayer/pgfcoretransparency.code.tex
File: pgfcoretransparency.code.tex 2019/08/03 v3.1.4b (3.1.4b)
) (/usr/share/texmf-dist/tex/generic/pgf/basiclayer/pgfcorepatterns.code.tex
File: pgfcorepatterns.code.tex 2019/08/03 v3.1.4b (3.1.4b)
)
(/usr/share/texmf-dist/tex/generic/pgf/basiclayer/pgfcorerdf.code.tex
File: pgfcorerdf.code.tex 2019/08/03 v3.1.4b (3.1.4b)
)))
(/usr/share/texmf-dist/tex/generic/pgf/modules/pgfmoduleshapes.code.tex
File: pgfmoduleshapes.code.tex 2019/08/03 v3.1.4b (3.1.4b)
\pgfnodeparttextbox=\box66
)
(/usr/share/texmf-dist/tex/generic/pgf/modules/pgfmoduleplot.code.tex
File: pgfmoduleplot.code.tex 2019/08/03 v3.1.4b (3.1.4b)
)
(/usr/share/texmf-dist/tex/latex/pgf/compatibility/pgfcomp-version-0-65.sty
Package: pgfcomp-version-0-65 2019/08/03 v3.1.4b (3.1.4b)
\pgf@nodesepstart=\dimen290
\pgf@nodesepend=\dimen291
)
(/usr/share/texmf-dist/tex/latex/pgf/compatibility/pgfcomp-version-1-18.sty
Package: pgfcomp-version-1-18 2019/08/03 v3.1.4b (3.1.4b)
))
(/usr/share/texmf-dist/tex/latex/pgf/utilities/pgffor.sty
(/usr/share/texmf-dist/tex/latex/pgf/utilities/pgfkeys.sty
(/usr/share/texmf-dist/tex/generic/pgf/utilities/pgfkeys.code.tex))
(/usr/share/texmf-dist/tex/latex/pgf/math/pgfmath.sty
(/usr/share/texmf-dist/tex/generic/pgf/math/pgfmath.code.tex))
(/usr/share/texmf-dist/tex/generic/pgf/utilities/pgffor.code.tex
Package: pgffor 2019/08/03 v3.1.4b (3.1.4b)

(/usr/share/texmf-dist/tex/generic/pgf/math/pgfmath.code.tex)
\pgffor@iter=\dimen292
\pgffor@skip=\dimen293
\pgffor@stack=\toks38
\pgffor@toks=\toks39
))
(/usr/share/texmf-dist/tex/generic/pgf/frontendlayer/tikz/tikz.code.tex
Package: tikz 2019/08/03 v3.1.4b (3.1.4b)

(/usr/share/texmf-dist/tex/generic/pgf/libraries/pgflibraryplothandlers.code.te
x
File: pgflibraryplothandlers.code.tex 2019/08/03 v3.1.4b (3.1.4b)
\pgf@plot@mark@count=\count324
\pgfplotmarksize=\dimen294
)
\tikz@lastx=\dimen295
\tikz@lasty=\dimen296
\tikz@lastxsaved=\dimen297
\tikz@lastysaved=\dimen298
\tikz@lastmovetox=\dimen299
\tikz@lastmovetoy=\dimen300
\tikzleveldistance=\dimen301
\tikzsiblingdistance=\dimen302
\tikz@figbox=\box67
\tikz@figbox@bg=\box68
\tikz@tempbox=\box69
\tikz@tempbox@bg=\box70
\tikztreelevel=\count325
\tikznumberofchildren=\count326
\tikznumberofcurrentchild=\count327
\tikz@fig@count=\count328
 (/usr/share/texmf-dist/tex/generic/pgf/modules/pgfmodulematrix.code.tex
File: pgfmodulematrix.code.tex 2019/08/03 v3.1.4b (3.1.4b)
\pgfmatrixcurrentrow=\count329
\pgfmatrixcurrentcolumn=\count330
\pgf@matrix@numberofcolumns=\count331
)
\tikz@expandcount=\count332

(/usr/share/texmf-dist/tex/generic/pgf/frontendlayer/tikz/libraries/tikzlibrary
topaths.code.tex
File: tikzlibrarytopaths.code.tex 2019/08/03 v3.1.4b (3.1.4b)
)))
(/usr/share/texmf-dist/tex/generic/pgfplots/pgfplots.code.tex
(/usr/share/texmf-dist/tex/generic/pgfplots/pgfplotscore.code.tex
\t@pgfplots@toka=\toks40
\t@pgfplots@tokb=\toks41
\t@pgfplots@tokc=\toks42
\pgfplots@tmpa=\dimen303
\c@pgfplots@coordindex=\count333
\c@pgfplots@scanlineindex=\count334

(/usr/share/texmf-dist/tex/generic/pgfplots/sys/pgfplotssysgeneric.code.tex))
(/usr/share/texmf-dist/tex/generic/pgfplots/libs/pgfplotslibrary.code.tex)
(/usr/share/texmf-dist/tex/generic/pgfplots/oldpgfcompatib/pgfplotsoldpgfsupp_l
oader.code.tex
(/usr/share/texmf-dist/tex/generic/pgf/libraries/pgflibraryfpu.code.tex))
(/usr/share/texmf-dist/tex/generic/pgfplots/util/pgfplotsutil.code.tex
(/usr/share/texmf-dist/tex/generic/pgfplots/liststructure/pgfplotsliststructure
.code.tex)
(/usr/share/texmf-dist/tex/generic/pgfplots/liststructure/pgfplotsliststructure
ext.code.tex)
(/usr/share/texmf-dist/tex/generic/pgfplots/liststructure/pgfplotsarray.code.te
x
\c@pgfplotsarray@tmp=\count335
)
(/usr/share/texmf-dist/tex/generic/pgfplots/liststructure/pgfplotsmatrix.code.t
ex)
(/usr/share/texmf-dist/tex/generic/pgfplots/numtable/pgfplotstableshared.code.t
ex
\c@pgfplotstable@counta=\count336
\t@pgfplotstable@a=\toks43
)
(/usr/share/texmf-dist/tex/generic/pgfplots/liststructure/pgfplotsdeque.code.te
x) (/usr/share/texmf-dist/tex/generic/pgfplots/util/pgfplotsbinary.code.tex
(/usr/share/texmf-dist/tex/generic/pgfplots/util/pgfplotsbinary.data.code.tex))
(/usr/share/texmf-dist/tex/generic/pgfplots/util/pgfplotsutil.verb.code.tex)
(/usr/share/texmf-dist/tex/generic/pgfplots/libs/pgflibrarypgfplots.surfshading
.code.tex
\c@pgfplotslibrarysurf@no=\count337

(/usr/share/texmf-dist/tex/generic/pgfplots/sys/pgflibrarypgfplots.surfshading.
pgfsys-pdftex.def)))
(/usr/share/texmf-dist/tex/generic/pgfplots/util/pgfplotscolormap.code.tex
(/usr/share/texmf-dist/tex/generic/pgfplots/util/pgfplotscolor.code.tex))
(/usr/share/texmf-dist/tex/generic/pgfplots/pgfplotsstackedplots.code.tex)
(/usr/share/texmf-dist/tex/generic/pgfplots/pgfplotsplothandlers.code.tex
(/usr/share/texmf-dist/tex/generic/pgfplots/pgfplotsmeshplothandler.code.tex
(/usr/share/texmf-dist/tex/generic/pgfplots/pgfplotsmeshplotimage.code.tex)))
(/usr/share/texmf-dist/tex/generic/pgfplots/pgfplots.scaling.code.tex)
(/usr/share/texmf-dist/tex/generic/pgfplots/pgfplotscoordprocessing.code.tex)
(/usr/share/texmf-dist/tex/generic/pgfplots/pgfplots.errorbars.code.tex)
(/usr/share/texmf-dist/tex/generic/pgfplots/pgfplots.markers.code.tex)
(/usr/share/texmf-dist/tex/generic/pgfplots/pgfplotsticks.code.tex)
(/usr/share/texmf-dist/tex/generic/pgfplots/pgfplots.paths.code.tex)
(/usr/share/texmf-dist/tex/generic/pgf/frontendlayer/tikz/libraries/tikzlibrary
decorations.code.tex
(/usr/share/texmf-dist/tex/generic/pgf/modules/pgfmoduledecorations.code.tex
\pgfdecoratedcompleteddistance=\dimen304
\pgfdecoratedremainingdistance=\dimen305
\pgfdecoratedinputsegmentcompleteddistance=\dimen306
\pgfdecoratedinputsegmentremainingdistance=\dimen307
\pgf@decorate@distancetomove=\dimen308
\pgf@decorate@repeatstate=\count338
\pgfdecorationsegmentamplitude=\dimen309
\pgfdecorationsegmentlength=\dimen310
)
\tikz@lib@dec@box=\box71
)
(/usr/share/texmf-dist/tex/generic/pgf/frontendlayer/tikz/libraries/tikzlibrary
decorations.pathmorphing.code.tex
(/usr/share/texmf-dist/tex/generic/pgf/libraries/decorations/pgflibrarydecorati
ons.pathmorphing.code.tex))
(/usr/share/texmf-dist/tex/generic/pgf/frontendlayer/tikz/libraries/tikzlibrary
decorations.pathreplacing.code.tex
(/usr/share/texmf-dist/tex/generic/pgf/libraries/decorations/pgflibrarydecorati
ons.pathreplacing.code.tex))
\pgfplots@numplots=\count339
\pgfplots@xmin@reg=\dimen311
\pgfplots@xmax@reg=\dimen312
\pgfplots@ymin@reg=\dimen313
\pgfplots@ymax@reg=\dimen314
\pgfplots@zmin@reg=\dimen315
\pgfplots@zmax@reg=\dimen316
)
(/usr/share/texmf-dist/tex/generic/pgf/frontendlayer/tikz/libraries/tikzlibrary
plotmarks.code.tex
File: tikzlibraryplotmarks.code.tex 2019/08/03 v3.1.4b (3.1.4b)

(/usr/share/texmf-dist/tex/generic/pgf/libraries/pgflibraryplotmarks.code.tex
File: pgflibraryplotmarks.code.tex 2019/08/03 v3.1.4b (3.1.4b)
))) (/usr/share/texmf-dist/tex/generic/pgfplots/numtable/pgfplotstable.code.tex

(/usr/share/texmf-dist/tex/generic/pgfplots/numtable/pgfplotstable.coltype.code
.tex))) (/usr/share/texmf-dist/tex/latex/caption/subcaption.sty
Package: subcaption 2019/09/01 v1.3a Sub-captions (AR)

(/usr/share/texmf-dist/tex/latex/caption/caption.sty
Package: caption 2019/09/01 v3.3d Customizing captions (AR)

(/usr/share/texmf-dist/tex/latex/caption/caption3.sty
Package: caption3 2019/09/01 v1.8d caption3 kernel (AR)
Package caption3 Info: TeX engine: e-TeX on input line 64.
\captionmargin=\dimen317
\captionmargin@=\dimen318
\captionwidth=\dimen319
\caption@tempdima=\dimen320
\caption@indent=\dimen321
\caption@parindent=\dimen322
\caption@hangindent=\dimen323
)
\c@caption@flags=\count340
\c@ContinuedFloat=\count341
Package caption Info: float package is loaded.
Package caption Info: hyperref package is loaded.
)
\c@subfigure=\count342
\c@subtable=\count343
)
(/usr/share/texmf-dist/tex/latex/tocloft/tocloft.sty
Package: tocloft 2017/08/31 v2.3i parameterised ToC, etc., typesetting
Package tocloft Info: The document has chapter divisions on input line 51.
\cftparskip=\skip75
\cftbeforetoctitleskip=\skip76
\cftaftertoctitleskip=\skip77
\cftbeforepartskip=\skip78
\cftpartnumwidth=\skip79
\cftpartindent=\skip80
\cftbeforechapskip=\skip81
\cftchapindent=\skip82
\cftchapnumwidth=\skip83
\cftbeforesecskip=\skip84
\cftsecindent=\skip85
\cftsecnumwidth=\skip86
\cftbeforesubsecskip=\skip87
\cftsubsecindent=\skip88
\cftsubsecnumwidth=\skip89
\cftbeforesubsubsecskip=\skip90
\cftsubsubsecindent=\skip91
\cftsubsubsecnumwidth=\skip92
\cftbeforeparaskip=\skip93
\cftparaindent=\skip94
\cftparanumwidth=\skip95
\cftbeforesubparaskip=\skip96
\cftsubparaindent=\skip97
\cftsubparanumwidth=\skip98
\cftbeforeloftitleskip=\skip99
\cftafterloftitleskip=\skip100
\cftbeforefigskip=\skip101
\cftfigindent=\skip102
\cftfignumwidth=\skip103
\c@lofdepth=\count344
\c@lotdepth=\count345
\cftbeforelottitleskip=\skip104
\cftafterlottitleskip=\skip105
\cftbeforetabskip=\skip106
\cfttabindent=\skip107
\cfttabnumwidth=\skip108
)
(/usr/share/texmf-dist/tex/latex/cite/cite.sty
LaTeX Info: Redefining \cite on input line 302.
LaTeX Info: Redefining \nocite on input line 332.
Package: cite 2015/02/27  v 5.5
)
(/usr/share/texmf-dist/tex/latex/tocbibind/tocbibind.sty
Package: tocbibind 2010/10/13 v1.5k extra ToC listings
Package tocbibind Info: The document has chapter divisions on input line 50.


Package tocbibind Note: Using chapter style headings, unless overridden.

) (/usr/share/texmf-dist/tex/latex/amsfonts/amssymb.sty
Package: amssymb 2013/01/14 v3.01 AMS font symbols

(/usr/share/texmf-dist/tex/latex/amsfonts/amsfonts.sty
Package: amsfonts 2013/01/14 v3.01 Basic AMSFonts support
\symAMSa=\mathgroup4
\symAMSb=\mathgroup5
LaTeX Font Info:    Redeclaring math symbol \hbar on input line 98.
LaTeX Font Info:    Overwriting math alphabet `\mathfrak' in version `bold'
(Font)                  U/euf/m/n --> U/euf/b/n on input line 106.
)) (./template.aux)
\openout1 = `template.aux'.

LaTeX Font Info:    Checking defaults for OML/cmm/m/it on input line 59.
LaTeX Font Info:    ... okay on input line 59.
LaTeX Font Info:    Checking defaults for T1/cmr/m/n on input line 59.
LaTeX Font Info:    ... okay on input line 59.
LaTeX Font Info:    Checking defaults for OT1/cmr/m/n on input line 59.
LaTeX Font Info:    ... okay on input line 59.
LaTeX Font Info:    Checking defaults for OMS/cmsy/m/n on input line 59.
LaTeX Font Info:    ... okay on input line 59.
LaTeX Font Info:    Checking defaults for OMX/cmex/m/n on input line 59.
LaTeX Font Info:    ... okay on input line 59.
LaTeX Font Info:    Checking defaults for U/cmr/m/n on input line 59.
LaTeX Font Info:    ... okay on input line 59.
LaTeX Font Info:    Checking defaults for PD1/pdf/m/n on input line 59.
LaTeX Font Info:    ... okay on input line 59.
LaTeX Info: Redefining \it@ocap on input line 59.
LaTeX Info: Redefining \it@ccap on input line 59.

*geometry* driver: auto-detecting
*geometry* detected driver: pdftex
*geometry* verbose mode - [ preamble ] result:
* driver: pdftex
* paper: a4paper
* layout: <same size as paper>
* layoutoffset:(h,v)=(0.0pt,0.0pt)
* bindingoffset: 8.53581pt
* modes: twoside heightrounded 
* h-part:(L,W,R)=(85.35826pt, 432.48192pt, 71.13188pt)
* v-part:(T,H,B)=(85.35826pt, 674.33032pt, 85.35826pt)
* \paperwidth=597.50787pt
* \paperheight=845.04684pt
* \textwidth=432.48192pt
* \textheight=679.0pt
* \oddsidemargin=21.62408pt
* \evensidemargin=-1.1381pt
* \topmargin=-21.78552pt
* \headheight=15.0pt
* \headsep=19.8738pt
* \topskip=12.0pt
* \footskip=30.0pt
* \marginparwidth=88.0pt
* \marginparsep=7.0pt
* \columnsep=10.0pt
* \skip\footins=10.8pt plus 4.0pt minus 2.0pt
* \hoffset=0.0pt
* \voffset=0.0pt
* \mag=1000
* \@twocolumnfalse
* \@twosidetrue
* \@mparswitchtrue
* \@reversemarginfalse
* (1in=72.27pt=25.4mm, 1cm=28.453pt)

\AtBeginShipoutBox=\box72
Package hyperref Info: Link coloring ON on input line 59.
(/usr/share/texmf-dist/tex/latex/hyperref/nameref.sty
Package: nameref 2019/09/16 v2.46 Cross-referencing by name of section

(/usr/share/texmf-dist/tex/generic/oberdiek/gettitlestring.sty
Package: gettitlestring 2016/05/16 v1.5 Cleanup title references (HO)
)
\c@section@level=\count346
)
LaTeX Info: Redefining \ref on input line 59.
LaTeX Info: Redefining \pageref on input line 59.
LaTeX Info: Redefining \nameref on input line 59.

(./template.out) (./template.out)
\@outlinefile=\write4
\openout4 = `template.out'.

LaTeX Info: Redefining \microtypecontext on input line 59.
Package microtype Info: Generating PDF output.
Package microtype Info: Character protrusion enabled (level 2).
Package microtype Info: Using default protrusion set `alltext'.
Package microtype Info: Automatic font expansion enabled (level 2),
(microtype)             stretch: 20, shrink: 20, step: 1, non-selected.
Package microtype Info: Using default expansion set `basictext'.
LaTeX Info: Redefining \showhyphens on input line 59.
Package microtype Info: No adjustment of tracking.
Package microtype Info: No adjustment of interword spacing.
Package microtype Info: No adjustment of character kerning.

(/usr/share/texmf-dist/tex/latex/microtype/mt-cmr.cfg
File: mt-cmr.cfg 2013/05/19 v2.2 microtype config. file: Computer Modern Roman 
(RS)
)
Now handling font encoding TS1 ...
... processing UTF-8 mapping file for font encoding TS1

(/usr/share/texmf-dist/tex/latex/base/ts1enc.dfu
File: ts1enc.dfu 2019/07/11 v1.2j UTF-8 support for inputenc
   defining Unicode char U+00A2 (decimal 162)
   defining Unicode char U+00A3 (decimal 163)
   defining Unicode char U+00A4 (decimal 164)
   defining Unicode char U+00A5 (decimal 165)
   defining Unicode char U+00A6 (decimal 166)
   defining Unicode char U+00A7 (decimal 167)
   defining Unicode char U+00A8 (decimal 168)
   defining Unicode char U+00A9 (decimal 169)
   defining Unicode char U+00AA (decimal 170)
   defining Unicode char U+00AC (decimal 172)
   defining Unicode char U+00AE (decimal 174)
   defining Unicode char U+00AF (decimal 175)
   defining Unicode char U+00B0 (decimal 176)
   defining Unicode char U+00B1 (decimal 177)
   defining Unicode char U+00B2 (decimal 178)
   defining Unicode char U+00B3 (decimal 179)
   defining Unicode char U+00B4 (decimal 180)
   defining Unicode char U+00B5 (decimal 181)
   defining Unicode char U+00B6 (decimal 182)
   defining Unicode char U+00B7 (decimal 183)
   defining Unicode char U+00B9 (decimal 185)
   defining Unicode char U+00BA (decimal 186)
   defining Unicode char U+00BC (decimal 188)
   defining Unicode char U+00BD (decimal 189)
   defining Unicode char U+00BE (decimal 190)
   defining Unicode char U+00D7 (decimal 215)
   defining Unicode char U+00F7 (decimal 247)
   defining Unicode char U+0192 (decimal 402)
   defining Unicode char U+02C7 (decimal 711)
   defining Unicode char U+02D8 (decimal 728)
   defining Unicode char U+02DD (decimal 733)
   defining Unicode char U+0E3F (decimal 3647)
   defining Unicode char U+2016 (decimal 8214)
   defining Unicode char U+2020 (decimal 8224)
   defining Unicode char U+2021 (decimal 8225)
   defining Unicode char U+2022 (decimal 8226)
   defining Unicode char U+2030 (decimal 8240)
   defining Unicode char U+2031 (decimal 8241)
   defining Unicode char U+203B (decimal 8251)
   defining Unicode char U+203D (decimal 8253)
   defining Unicode char U+2044 (decimal 8260)
   defining Unicode char U+204E (decimal 8270)
   defining Unicode char U+2052 (decimal 8274)
   defining Unicode char U+20A1 (decimal 8353)
   defining Unicode char U+20A4 (decimal 8356)
   defining Unicode char U+20A6 (decimal 8358)
   defining Unicode char U+20A9 (decimal 8361)
   defining Unicode char U+20AB (decimal 8363)
   defining Unicode char U+20AC (decimal 8364)
   defining Unicode char U+20B1 (decimal 8369)
   defining Unicode char U+2103 (decimal 8451)
   defining Unicode char U+2116 (decimal 8470)
   defining Unicode char U+2117 (decimal 8471)
   defining Unicode char U+211E (decimal 8478)
   defining Unicode char U+2120 (decimal 8480)
   defining Unicode char U+2122 (decimal 8482)
   defining Unicode char U+2126 (decimal 8486)
   defining Unicode char U+2127 (decimal 8487)
   defining Unicode char U+212E (decimal 8494)
   defining Unicode char U+2190 (decimal 8592)
   defining Unicode char U+2191 (decimal 8593)
   defining Unicode char U+2192 (decimal 8594)
   defining Unicode char U+2193 (decimal 8595)
   defining Unicode char U+2329 (decimal 9001)
   defining Unicode char U+232A (decimal 9002)
   defining Unicode char U+2422 (decimal 9250)
   defining Unicode char U+25E6 (decimal 9702)
   defining Unicode char U+25EF (decimal 9711)
   defining Unicode char U+266A (decimal 9834)
   defining Unicode char U+27E8 (decimal 10216)
   defining Unicode char U+27E9 (decimal 10217)
   defining Unicode char U+FEFF (decimal 65279)
)
(/usr/share/texmf-dist/tex/latex/translator/translator-basic-dictionary-English
.dict
Dictionary: translator-basic-dictionary, Language: English 
) (/usr/share/texmf-dist/tex/latex/siunitx/siunitx-abbreviations.cfg
File: siunitx-abbreviations.cfg 2017/11/26 v2.7k siunitx: Abbreviated units
)
(/usr/share/texmf-dist/tex/context/base/mkii/supp-pdf.mkii
[Loading MPS to PDF converter (version 2006.09.02).]
\scratchcounter=\count347
\scratchdimen=\dimen324
\scratchbox=\box73
\nofMPsegments=\count348
\nofMParguments=\count349
\everyMPshowfont=\toks44
\MPscratchCnt=\count350
\MPscratchDim=\dimen325
\MPnumerator=\count351
\makeMPintoPDFobject=\count352
\everyMPtoPDFconversion=\toks45
) (/usr/share/texmf-dist/tex/latex/oberdiek/epstopdf-base.sty
Package: epstopdf-base 2016/05/15 v2.6 Base part for package epstopdf

(/usr/share/texmf-dist/tex/latex/oberdiek/grfext.sty
Package: grfext 2016/05/16 v1.2 Manage graphics extensions (HO)
)
Package epstopdf-base Info: Redefining graphics rule for `.eps' on input line 4
38.
Package grfext Info: Graphics extension search list:
(grfext)             [.pdf,.png,.jpg,.mps,.jpeg,.jbig2,.jb2,.PDF,.PNG,.JPG,.JPE
G,.JBIG2,.JB2,.eps]
(grfext)             \AppendGraphicsExtensions on input line 456.

(/usr/share/texmf-dist/tex/latex/latexconfig/epstopdf-sys.cfg
File: epstopdf-sys.cfg 2010/07/13 v1.3 Configuration of (r)epstopdf for TeX Liv
e
))
ABD: EveryShipout initializing macros
Package pgfplots notification 'compat/show suggested version=true': you might b
enefit from \pgfplotsset{compat=1.16} (current compat level: 1.14).

Package caption Info: Begin \AtBeginDocument code.
Package caption Info: End \AtBeginDocument code.
LaTeX Font Info:    Trying to load font information for U+msa on input line 59.

(/usr/share/texmf-dist/tex/latex/amsfonts/umsa.fd
File: umsa.fd 2013/01/14 v3.01 AMS symbols A
)
(/usr/share/texmf-dist/tex/latex/microtype/mt-msa.cfg
File: mt-msa.cfg 2006/02/04 v1.1 microtype config. file: AMS symbols (a) (RS)
)
LaTeX Font Info:    Trying to load font information for U+msb on input line 59.


(/usr/share/texmf-dist/tex/latex/amsfonts/umsb.fd
File: umsb.fd 2013/01/14 v3.01 AMS symbols B
)
(/usr/share/texmf-dist/tex/latex/microtype/mt-msb.cfg
File: mt-msb.cfg 2005/06/01 v1.0 microtype config. file: AMS symbols (b) (RS)
)
Package microtype Info: Loading generic protrusion settings for font family
(microtype)             `cmss' (encoding: OT1).
(microtype)             For optimal results, create family-specific settings.
(microtype)             See the microtype manual for details.
Package microtype Info: Loading generic protrusion settings for font family
(microtype)             `cmtt' (encoding: OT1).
(microtype)             For optimal results, create family-specific settings.
(microtype)             See the microtype manual for details.
<images/logo_poli_bianco.pdf, id=284, 56.09688pt x 56.08853pt>
File: images/logo_poli_bianco.pdf Graphic file (type pdf)
<use images/logo_poli_bianco.pdf>
Package pdftex.def Info: images/logo_poli_bianco.pdf  used on input line 76.
(pdftex.def)             Requested size: 135.84213pt x 135.79793pt.
 (./chapters/dedica.tex
[1

{/var/lib/texmf/fonts/map/pdftex/updmap/pdftex.map} <./images/logo_poli_bianco.
pdf>] [2

]) (./chapters/acknowledgements.tex [3] [4

]) [5] [6

] (./template.toc
[7])
\tf@toc=\write5
\openout5 = `template.toc'.

 [8] (./template.lof [9

])
\tf@lof=\write6
\openout6 = `template.lof'.

 [10] (./template.lot)
\tf@lot=\write7
\openout7 = `template.lot'.

 [11

] [12

]
(./chapters/abstract.tex
Package acronym Info: Label `acro:MRI' newly defined as it shall be overridden
although it is yet undefined on input line 6.
Package acronym Info: Label `acro:GAN' newly defined as it shall be overridden
although it is yet undefined on input line 6.
) (./chapters/estratto.tex [13

] [14

]) [15] [16

]
(./chapters/1st_chapter.tex
Chapter 1.

LaTeX Warning: Citation `migan' on page 17 undefined on input line 8.

[17

]
Package acronym Info: Label `acro:DL' newly defined as it shall be overridden
although it is yet undefined on input line 15.
Package acronym Info: Label `acro:AI' newly defined as it shall be overridden
although it is yet undefined on input line 18.


LaTeX Warning: Citation `Yi_2019' on page 18 undefined on input line 18.


LaTeX Warning: Citation `Litjens_2017' on page 18 undefined on input line 21.

Package acronym Info: Label `acro:CNN' newly defined as it shall be overridden
although it is yet undefined on input line 24.

LaTeX Warning: Citation `dl' on page 18 undefined on input line 25.

Package acronym Info: Label `acro:GPU' newly defined as it shall be overridden
although it is yet undefined on input line 25.

LaTeX Warning: Citation `gan' on page 18 undefined on input line 28.


LaTeX Warning: Citation `pix2pix' on page 18 undefined on input line 33.


LaTeX Warning: Citation `migan' on page 18 undefined on input line 33.

[18]
LaTeX Font Info:    Trying to load font information for OMS+cmr on input line 4
2.
 (/usr/share/texmf-dist/tex/latex/base/omscmr.fd
File: omscmr.fd 2014/09/29 v2.5h Standard LaTeX font definitions
)
LaTeX Font Info:    Font shape `OMS/cmr/m/n' in size <12> not available
(Font)              Font shape `OMS/cmsy/m/n' tried instead on input line 42.


LaTeX Warning: Citation `pix2pix' on page 19 undefined on input line 43.

) (./chapters/2nd_chapter.tex [19] [20

]
Chapter 2.

LaTeX Warning: Citation `gan' on page 21 undefined on input line 7.


LaTeX Warning: Citation `lecun' on page 21 undefined on input line 7.


LaTeX Warning: Citation `tfd' on page 21 undefined on input line 7.


LaTeX Warning: Citation `cifar' on page 21 undefined on input line 7.


LaTeX Warning: Citation `pix2pix' on page 21 undefined on input line 7.

<images/pix2pix.pdf, id=643, 1122.1925pt x 417.56pt>
File: images/pix2pix.pdf Graphic file (type pdf)
<use images/pix2pix.pdf>
Package pdftex.def Info: images/pix2pix.pdf  used on input line 11.
(pdftex.def)             Requested size: 428.83484pt x 159.56541pt.

LaTeX Warning: Citation `pix2pix' on page 21 undefined on input line 12.


LaTeX Warning: Citation `pix2pix' on page 21 undefined on input line 12.


LaTeX Warning: Citation `Yi_2019' on page 21 undefined on input line 17.

Package acronym Info: Label `acro:MR' newly defined as it shall be overridden
although it is yet undefined on input line 17.
[21]

LaTeX Warning: Citation `flair&t1' on page 22 undefined on input line 20.


LaTeX Warning: Citation `lapgan' on page 22 undefined on input line 21.


LaTeX Warning: Citation `double_scenario' on page 22 undefined on input line 21
.


LaTeX Warning: Citation `cycle_gan' on page 22 undefined on input line 21.


LaTeX Warning: Citation `migan' on page 22 undefined on input line 26.

[22 <./images/pix2pix.pdf>]
Package acronym Info: Label `acro:PET' newly defined as it shall be overridden
although it is yet undefined on input line 29.
Package acronym Info: Label `acro:CT' newly defined as it shall be overridden
although it is yet undefined on input line 29.
Package acronym Info: Label `acro:MRA' newly defined as it shall be overridden
although it is yet undefined on input line 29.


LaTeX Warning: Citation `mra&mri' on page 23 undefined on input line 30.


LaTeX Warning: Citation `ct&pet' on page 23 undefined on input line 30.

Package acronym Info: Label `acro:cGAN' newly defined as it shall be overridden

although it is yet undefined on input line 30.

LaTeX Warning: Citation `cgan' on page 23 undefined on input line 30.


LaTeX Warning: Citation `Yi_2019' on page 23 undefined on input line 34.

[23]

LaTeX Warning: Citation `lecun' on page 24 undefined on input line 46.


LaTeX Warning: Citation `lecun' on page 24 undefined on input line 51.


LaTeX Warning: Citation `gan' on page 24 undefined on input line 55.

<images/GANs.pdf, id=691, 913.16156pt x 398.23781pt>
File: images/GANs.pdf Graphic file (type pdf)
<use images/GANs.pdf>
Package pdftex.def Info: images/GANs.pdf  used on input line 59.
(pdftex.def)             Requested size: 420.3799pt x 183.3329pt.

LaTeX Warning: Citation `GAN_image' on page 24 undefined on input line 60.


LaTeX Warning: Citation `GAN_image' on page 24 undefined on input line 60.

[24 <./images/GANs.pdf>]

LaTeX Warning: Citation `optimization' on page 25 undefined on input line 66.


LaTeX Warning: Citation `gan' on page 25 undefined on input line 68.


LaTeX Warning: Citation `hands_on_ml' on page 25 undefined on input line 79.


LaTeX Warning: Citation `hands_on_ml' on page 25 undefined on input line 80.


LaTeX Warning: Citation `gan' on page 25 undefined on input line 84.


LaTeX Warning: Citation `dcgan' on page 25 undefined on input line 85.

[25]

LaTeX Warning: Citation `batchnormalization' on page 26 undefined on input line
 91.


LaTeX Warning: Citation `relu' on page 26 undefined on input line 93.

<images/dcgan.pdf, id=708, 900.36375pt x 371.3875pt>
File: images/dcgan.pdf Graphic file (type pdf)
<use images/dcgan.pdf>
Package pdftex.def Info: images/dcgan.pdf  used on input line 99.
(pdftex.def)             Requested size: 411.53458pt x 169.75pt.

LaTeX Warning: Citation `cgan' on page 26 undefined on input line 106.


LaTeX Warning: Citation `cgan' on page 26 undefined on input line 108.

[26 <./images/dcgan.pdf>]

LaTeX Warning: Citation `cgan' on page 27 undefined on input line 115.


LaTeX Warning: Citation `pix2pix' on page 27 undefined on input line 115.

<images/pix2pix_2.pdf, id=715, 962.59625pt x 249.93375pt>
File: images/pix2pix_2.pdf Graphic file (type pdf)
<use images/pix2pix_2.pdf>
Package pdftex.def Info: images/pix2pix_2.pdf  used on input line 122.
(pdftex.def)             Requested size: 431.47519pt x 112.03044pt.

LaTeX Warning: Citation `pix2pix' on page 27 undefined on input line 123.


LaTeX Warning: Citation `pix2pix' on page 27 undefined on input line 123.


LaTeX Warning: Citation `unet' on page 27 undefined on input line 129.


LaTeX Warning: Citation `patchgan' on page 27 undefined on input line 129.

[27 <./images/pix2pix_2.pdf>]

LaTeX Warning: Citation `unet' on page 28 undefined on input line 157.


LaTeX Warning: Citation `pix2pix' on page 28 undefined on input line 160.

<images/unet2.pdf, id=724, 844.15375pt x 283.0575pt>
File: images/unet2.pdf Graphic file (type pdf)
<use images/unet2.pdf>
Package pdftex.def Info: images/unet2.pdf  used on input line 169.
(pdftex.def)             Requested size: 364.4732pt x 122.21503pt.

LaTeX Warning: Citation `pix2pix' on page 28 undefined on input line 170.


LaTeX Warning: Citation `pix2pix' on page 28 undefined on input line 170.

[28]

LaTeX Warning: Citation `patchgan' on page 29 undefined on input line 180.


LaTeX Warning: Citation `pix2pix' on page 29 undefined on input line 180.

<images/nxn.pdf, id=737, 1115.16624pt x 138.5175pt>
File: images/nxn.pdf Graphic file (type pdf)
<use images/nxn.pdf>
Package pdftex.def Info: images/nxn.pdf  used on input line 186.
(pdftex.def)             Requested size: 431.81616pt x 53.63744pt.

LaTeX Warning: Citation `pix2pix' on page 29 undefined on input line 187.


LaTeX Warning: Citation `pix2pix' on page 29 undefined on input line 187.

) (./chapters/3rd_chapter.tex [29 <./images/unet2.pdf> <./images/nxn.pdf>]
[30]
Chapter 3.

LaTeX Warning: Citation `mri_benefits' on page 31 undefined on input line 13.

Package acronym Info: Label `acro:CSF' newly defined as it shall be overridden
although it is yet undefined on input line 16.
[31

]
<images/t2_vs_t2flair.pdf, id=771, 385.44pt x 212.795pt>
File: images/t2_vs_t2flair.pdf Graphic file (type pdf)
<use images/t2_vs_t2flair.pdf>
Package pdftex.def Info: images/t2_vs_t2flair.pdf  used on input line 21.
(pdftex.def)             Requested size: 245.98676pt x 135.79793pt.
 [32 <./images/t2_vs_t2flair.pdf>]

LaTeX Warning: Citation `epidemiological_review' on page 33 undefined on input 
line 34.


LaTeX Warning: Citation `brats2015_1' on page 33 undefined on input line 38.


LaTeX Warning: Citation `brats2015_2' on page 33 undefined on input line 38.


LaTeX Warning: Citation `grade_cancer' on page 33 undefined on input line 47.


LaTeX Warning: Citation `grade_cancer2' on page 33 undefined on input line 50.

[33]
<images/low_high_differences.pdf, id=792, 383.4325pt x 439.6425pt>
File: images/low_high_differences.pdf Graphic file (type pdf)
<use images/low_high_differences.pdf>
Package pdftex.def Info: images/low_high_differences.pdf  used on input line 54
.
(pdftex.def)             Requested size: 248.725pt x 285.17876pt.


LaTeX Warning: Citation `Xue_2018' on page 34 undefined on input line 60.

[34 <./images/low_high_differences.pdf>]
<images/barplot_split.pdf, id=800, 489.83pt x 471.7625pt>
File: images/barplot_split.pdf Graphic file (type pdf)
<use images/barplot_split.pdf>
Package pdftex.def Info: images/barplot_split.pdf  used on input line 72.
(pdftex.def)             Requested size: 359.55359pt x 346.28627pt.
 [35 <./images/barplot_split.pdf>]
<images/all_sequences2.pdf, id=807, 656.4525pt x 778.91pt>
File: images/all_sequences2.pdf Graphic file (type pdf)
<use images/all_sequences2.pdf>
Package pdftex.def Info: images/all_sequences2.pdf  used on input line 89.
(pdftex.def)             Requested size: 423.46371pt x 502.46373pt.


LaTeX Warning: Citation `migan' on page 36 undefined on input line 98.

<images/tumor.pdf, id=808, 548.0475pt x 206.7725pt>
File: images/tumor.pdf Graphic file (type pdf)
<use images/tumor.pdf>
Package pdftex.def Info: images/tumor.pdf  used on input line 109.
(pdftex.def)             Requested size: 341.95183pt x 129.01166pt.
[36] [37 <./images/all_sequences2.pdf>]
<images/slices2.pdf, id=822, 617.30624pt x 633.36626pt>
File: images/slices2.pdf Graphic file (type pdf)
<use images/slices2.pdf>
Package pdftex.def Info: images/slices2.pdf  used on input line 132.
(pdftex.def)             Requested size: 430.16162pt x 441.34586pt.
 [38 <./images/tumor.pdf>] [39 <./images/slices2.pdf>] [40]) (./chapters/4th_ch
apter.tex [41] [42

]
Chapter 4.

LaTeX Warning: Citation `tfrecord' on page 43 undefined on input line 12.


LaTeX Warning: Citation `hands_on_ml' on page 43 undefined on input line 18.

[43]

LaTeX Warning: Citation `hands_on_ml' on page 44 undefined on input line 52.

[44]
<images/batch.pdf, id=878, 617.30624pt x 390.45876pt>
File: images/batch.pdf Graphic file (type pdf)
<use images/batch.pdf>
Package pdftex.def Info: images/batch.pdf  used on input line 60.
(pdftex.def)             Requested size: 429.40808pt x 271.59586pt.


LaTeX Warning: Citation `pix2pix' on page 45 undefined on input line 67.


LaTeX Warning: Citation `migan' on page 45 undefined on input line 67.


LaTeX Warning: Citation `pix2pix' on page 45 undefined on input line 75.


LaTeX Warning: Citation `unet' on page 45 undefined on input line 76.


LaTeX Warning: Citation `patchgan' on page 45 undefined on input line 76.

[45 <./images/batch.pdf>]
<images/pix2pix_generator.pdf, id=891, 914.24263pt x 398.75674pt>
File: images/pix2pix_generator.pdf Graphic file (type pdf)
<use images/pix2pix_generator.pdf>
Package pdftex.def Info: images/pix2pix_generator.pdf  used on input line 89.
(pdftex.def)             Requested size: 414.11172pt x 180.6184pt.


LaTeX Warning: Citation `pix2pix' on page 46 undefined on input line 90.


LaTeX Warning: Citation `pix2pix' on page 46 undefined on input line 90.

[46 <./images/pix2pix_generator.pdf>]

LaTeX Warning: Citation `hands_on_ml' on page 47 undefined on input line 101.


LaTeX Warning: Citation `hands_on_ml' on page 47 undefined on input line 102.


LaTeX Warning: Citation `hands_on_ml' on page 47 undefined on input line 113.


LaTeX Warning: Citation `pix2pix' on page 47 undefined on input line 116.

[47]

LaTeX Warning: Citation `patchgan' on page 48 undefined on input line 123.


LaTeX Warning: Citation `pix2pix' on page 48 undefined on input line 125.

<images/pix2pix_discriminator.pdf, id=923, 586.3526pt x 436.84604pt>
File: images/pix2pix_discriminator.pdf Graphic file (type pdf)
<use images/pix2pix_discriminator.pdf>
Package pdftex.def Info: images/pix2pix_discriminator.pdf  used on input line 1
32.
(pdftex.def)             Requested size: 273.41164pt x 203.70207pt.

LaTeX Warning: Citation `pix2pix' on page 48 undefined on input line 133.


LaTeX Warning: Citation `pix2pix' on page 48 undefined on input line 133.

[48 <./images/pix2pix_discriminator.pdf>]

LaTeX Warning: Citation `pix2pix' on page 49 undefined on input line 156.

<images/MIpix2pix_generator.pdf, id=944, 959.76768pt x 398.75674pt>
File: images/MIpix2pix_generator.pdf Graphic file (type pdf)
<use images/MIpix2pix_generator.pdf>
Package pdftex.def Info: images/MIpix2pix_generator.pdf  used on input line 172
.
(pdftex.def)             Requested size: 429.81189pt x 178.57733pt.
[49]
<images/MIpix2pix_discriminator.pdf, id=950, 631.87668pt x 436.84604pt>
File: images/MIpix2pix_discriminator.pdf Graphic file (type pdf)
<use images/MIpix2pix_discriminator.pdf>
Package pdftex.def Info: images/MIpix2pix_discriminator.pdf  used on input line
 179.
(pdftex.def)             Requested size: 329.02129pt x 227.46956pt.


LaTeX Warning: Citation `migan' on page 50 undefined on input line 193.

[50 <./images/MIpix2pix_generator.pdf> <./images/MIpix2pix_discriminator.pdf

pdfTeX warning: /usr/bin/pdflatex (file ./images/MIpix2pix_discriminator.pdf): 
PDF inclusion: multiple pdfs with page group included in a single page
>]

LaTeX Warning: Citation `migan' on page 51 undefined on input line 198.


LaTeX Warning: Citation `migan' on page 51 undefined on input line 201.

[51]
<images/MIGAN_generator.pdf, id=998, 962.6123pt x 399.73943pt>
File: images/MIGAN_generator.pdf Graphic file (type pdf)
<use images/MIGAN_generator.pdf>
Package pdftex.def Info: images/MIGAN_generator.pdf  used on input line 220.
(pdftex.def)             Requested size: 430.02824pt x 178.57733pt.


LaTeX Warning: Citation `migan' on page 52 undefined on input line 237.

[52 <./images/MIGAN_generator.pdf>]

LaTeX Warning: Citation `migan' on page 53 undefined on input line 248.


LaTeX Warning: Citation `patchgan' on page 53 undefined on input line 254.


LaTeX Warning: Citation `migan' on page 53 undefined on input line 254.

[53]
<images/MIGAN_discriminator.pdf, id=1025, 621.31923pt x 436.84604pt>
File: images/MIGAN_discriminator.pdf Graphic file (type pdf)
<use images/MIGAN_discriminator.pdf>
Package pdftex.def Info: images/MIGAN_discriminator.pdf  used on input line 273
.
(pdftex.def)             Requested size: 323.52396pt x 227.46956pt.


LaTeX Warning: Citation `pix2pix' on page 54 undefined on input line 284.

[54 <./images/MIGAN_discriminator.pdf>]

LaTeX Warning: Citation `migan' on page 55 undefined on input line 296.


LaTeX Warning: Citation `pix2pix_implementation' on page 55 undefined on input 
line 302.


LaTeX Warning: Citation `pix2pix_implementation' on page 55 undefined on input 
line 311.


LaTeX Warning: Citation `kingma2014adam' on page 55 undefined on input line 311
.

[55]
<images/loss_behaviour2.pdf, id=1057, 723.70375pt x 376.40625pt>
File: images/loss_behaviour2.pdf Graphic file (type pdf)
<use images/loss_behaviour2.pdf>
Package pdftex.def Info: images/loss_behaviour2.pdf  used on input line 318.
(pdftex.def)             Requested size: 432.11642pt x 224.74469pt.
 [56 <./images/loss_behaviour2.pdf>]
<images/t1c_through_epochs.pdf, id=1067, 547.04375pt x 634.37pt>
File: images/t1c_through_epochs.pdf Graphic file (type pdf)
<use images/t1c_through_epochs.pdf>
Package pdftex.def Info: images/t1c_through_epochs.pdf  used on input line 331.

(pdftex.def)             Requested size: 327.90323pt x 380.23834pt.
 [57 <./images/t1c_through_epochs.pdf>]

LaTeX Warning: Citation `pix2pix_implementation' on page 58 undefined on input 
line 377.

[58]

LaTeX Warning: Citation `migan' on page 59 undefined on input line 389.

<images/256x256.pdf, id=1083, 222.8325pt x 241.90375pt>
File: images/256x256.pdf Graphic file (type pdf)
<use images/256x256.pdf>
Package pdftex.def Info: images/256x256.pdf  used on input line 396.
(pdftex.def)             Requested size: 150.12323pt x 162.96373pt.
<images/155x194.pdf, id=1084, 175.65625pt x 159.59625pt>
File: images/155x194.pdf Graphic file (type pdf)
<use images/155x194.pdf>
Package pdftex.def Info: images/155x194.pdf  used on input line 398.
(pdftex.def)             Requested size: 108.36699pt x 98.4579pt.
[59 <./images/256x256.pdf> <./images/155x194.pdf>]

LaTeX Warning: Citation `mean_norm' on page 60 undefined on input line 406.

[60]

LaTeX Warning: Citation `psnr' on page 61 undefined on input line 436.


LaTeX Warning: Citation `ssim' on page 61 undefined on input line 460.

[61]
<images/brain_tumor_masked.pdf, id=1110, 547.04375pt x 346.29375pt>
File: images/brain_tumor_masked.pdf Graphic file (type pdf)
<use images/brain_tumor_masked.pdf>
Package pdftex.def Info: images/brain_tumor_masked.pdf  used on input line 481.

(pdftex.def)             Requested size: 321.79308pt x 203.70207pt.
 [62 <./images/brain_tumor_masked.pdf>]

LaTeX Warning: Citation `giacomello2019brain' on page 63 undefined on input lin
e 503.


LaTeX Warning: Citation `giacomello2019brain' on page 63 undefined on input lin
e 513.

[63]
<images/segmentation_example.pdf, id=1126, 547.04375pt x 420.57124pt>
File: images/segmentation_example.pdf Graphic file (type pdf)
<use images/segmentation_example.pdf>
Package pdftex.def Info: images/segmentation_example.pdf  used on input line 51
7.
(pdftex.def)             Requested size: 317.95337pt x 244.44041pt.


LaTeX Warning: Citation `giacomello2019brain' on page 64 undefined on input lin
e 518.


LaTeX Warning: Citation `giacomello2019brain' on page 64 undefined on input lin
e 518.

) (./chapters/5th_chapter.tex [64 <./images/segmentation_example.pdf>]
Chapter 5.
[65

] [66]

LaTeX Warning: Citation `giacomello2019brain' on page 67 undefined on input lin
e 121.

[67]
LaTeX Font Info:    Calculating math sizes for size <11> on input line 153.


LaTeX Font Warning: Font shape `OT1/cmr/m/n' in size <5.5> not available
(Font)              size <5> substituted on input line 153.


LaTeX Font Warning: Font shape `OML/cmm/m/it' in size <5.5> not available
(Font)              size <5> substituted on input line 153.


LaTeX Font Warning: Font shape `OMS/cmsy/m/n' in size <5.5> not available
(Font)              size <5> substituted on input line 153.


LaTeX Font Warning: Font shape `OT1/cmr/bx/n' in size <5.5> not available
(Font)              size <5> substituted on input line 153.


LaTeX Font Warning: Font shape `OT1/cmss/m/n' in size <5.5> not available
(Font)              size <5> substituted on input line 153.


LaTeX Font Warning: Font shape `OT1/cmtt/m/n' in size <5.5> not available
(Font)              size <5> substituted on input line 153.


LaTeX Warning: Citation `giacomello2019brain' on page 68 undefined on input lin
e 166.


LaTeX Warning: Citation `giacomello2019brain' on page 68 undefined on input lin
e 166.

[68]

! LaTeX Error: Unknown graphics extension: .t1.pdf.

See the LaTeX manual or LaTeX Companion for explanation.
Type  H <return>  for immediate help.
 ...                                              
                                                  
l.227 ...h=0.49\textheight]{images/pix2pix.t1.pdf}
                                                  
Try typing  <return>  to proceed.
If that doesn't work, type  X <return>  to quit.


! LaTeX Error: Unknown graphics extension: .t2.pdf.

See the LaTeX manual or LaTeX Companion for explanation.
Type  H <return>  for immediate help.
 ...                                              
                                                  
l.234 ...h=0.49\textheight]{images/pix2pix.t2.pdf}
                                                  
Try typing  <return>  to proceed.
If that doesn't work, type  X <return>  to quit.

[69]

! LaTeX Error: Unknown graphics extension: .1.pdf.

See the LaTeX manual or LaTeX Companion for explanation.
Type  H <return>  for immediate help.
 ...                                              
                                                  
l.248 ...th=0.635\textheight]{images/gen_t1.1.pdf}
                                                  
Try typing  <return>  to proceed.
If that doesn't work, type  X <return>  to quit.


! LaTeX Error: Unknown graphics extension: .2.pdf.

See the LaTeX manual or LaTeX Companion for explanation.
Type  H <return>  for immediate help.
 ...                                              
                                                  
l.252 ...th=0.635\textheight]{images/gen_t1.2.pdf}
                                                  
Try typing  <return>  to proceed.
If that doesn't work, type  X <return>  to quit.

[70]

! LaTeX Error: Unknown graphics extension: .1.pdf.

See the LaTeX manual or LaTeX Companion for explanation.
Type  H <return>  for immediate help.
 ...                                              
                                                  
l.264 ...th=0.635\textheight]{images/gen_t2.1.pdf}
                                                  
Try typing  <return>  to proceed.
If that doesn't work, type  X <return>  to quit.


! LaTeX Error: Unknown graphics extension: .2.pdf.

See the LaTeX manual or LaTeX Companion for explanation.
Type  H <return>  for immediate help.
 ...                                              
                                                  
l.268 ...th=0.635\textheight]{images/gen_t2.2.pdf}
                                                  
Try typing  <return>  to proceed.
If that doesn't work, type  X <return>  to quit.

[71]

! LaTeX Error: Unknown graphics extension: .1.pdf.

See the LaTeX manual or LaTeX Companion for explanation.
Type  H <return>  for immediate help.
 ...                                              
                                                  
l.281 ...h=0.635\textheight]{images/gen_t1c.1.pdf}
                                                  
Try typing  <return>  to proceed.
If that doesn't work, type  X <return>  to quit.


! LaTeX Error: Unknown graphics extension: .2.pdf.

See the LaTeX manual or LaTeX Companion for explanation.
Type  H <return>  for immediate help.
 ...                                              
                                                  
l.285 ...h=0.635\textheight]{images/gen_t1c.2.pdf}
                                                  
Try typing  <return>  to proceed.
If that doesn't work, type  X <return>  to quit.

[72]

! LaTeX Error: Unknown graphics extension: .1.pdf.

See the LaTeX manual or LaTeX Companion for explanation.
Type  H <return>  for immediate help.
 ...                                              
                                                  
l.298 ...635\textheight]{images/gen_t2flair.1.pdf}
                                                  
Try typing  <return>  to proceed.
If that doesn't work, type  X <return>  to quit.


! LaTeX Error: Unknown graphics extension: .2.pdf.

See the LaTeX manual or LaTeX Companion for explanation.
Type  H <return>  for immediate help.
 ...                                              
                                                  
l.302 ...635\textheight]{images/gen_t2flair.2.pdf}
                                                  
Try typing  <return>  to proceed.
If that doesn't work, type  X <return>  to quit.

[73]

LaTeX Warning: Citation `giacomello2019brain' on page 74 undefined on input lin
e 315.

<images/segmentation_results1.pdf, id=1217, 765.86125pt x 731.73375pt>
File: images/segmentation_results1.pdf Graphic file (type pdf)
<use images/segmentation_results1.pdf>
Package pdftex.def Info: images/segmentation_results1.pdf  used on input line 3
20.
(pdftex.def)             Requested size: 431.84508pt x 412.60411pt.
[74 <./images/segmentation_results1.pdf>] [75] [76] [77]

LaTeX Warning: Citation `giacomello2019brain' on page 78 undefined on input lin
e 409.

) (./chapters/6th_chapter.tex [78]
Chapter 6.
[79

]
<images/config_skips.pdf, id=1288, 914.24263pt x 398.75674pt>
File: images/config_skips.pdf Graphic file (type pdf)
<use images/config_skips.pdf>
Package pdftex.def Info: images/config_skips.pdf  used on input line 19.
(pdftex.def)             Requested size: 414.11172pt x 180.6184pt.

Underfull \hbox (badness 1642) in paragraph at lines 20--20
[][]|\T1/cmr/m/n/10.95 Ex-am-ple of net-work with the three out-er-most skip co
n-nec-tions turned
 []


LaTeX Font Warning: Font shape `T1/cmr/m/n' in size <8.5> not available
(Font)              size <8> substituted on input line 31.

LaTeX Font Info:    Calculating math sizes for size <8.5> on input line 33.

LaTeX Font Warning: Font shape `OT1/cmr/m/n' in size <8.5> not available
(Font)              size <8> substituted on input line 33.


LaTeX Font Warning: Font shape `OT1/cmr/m/n' in size <4.25> not available
(Font)              size <5> substituted on input line 33.


LaTeX Font Warning: Font shape `OML/cmm/m/it' in size <8.5> not available
(Font)              size <8> substituted on input line 33.


LaTeX Font Warning: Font shape `OML/cmm/m/it' in size <4.25> not available
(Font)              size <5> substituted on input line 33.


LaTeX Font Warning: Font shape `OMS/cmsy/m/n' in size <8.5> not available
(Font)              size <8> substituted on input line 33.


LaTeX Font Warning: Font shape `OMS/cmsy/m/n' in size <4.25> not available
(Font)              size <5> substituted on input line 33.


LaTeX Font Warning: Font shape `OT1/cmr/bx/n' in size <8.5> not available
(Font)              size <8> substituted on input line 33.


LaTeX Font Warning: Font shape `OT1/cmr/bx/n' in size <4.25> not available
(Font)              size <5> substituted on input line 33.


LaTeX Font Warning: Font shape `OT1/cmss/m/n' in size <8.5> not available
(Font)              size <8> substituted on input line 33.


LaTeX Font Warning: Font shape `OT1/cmss/m/n' in size <4.25> not available
(Font)              size <5> substituted on input line 33.


LaTeX Font Warning: Font shape `OT1/cmtt/m/n' in size <8.5> not available
(Font)              size <8> substituted on input line 33.


LaTeX Font Warning: Font shape `OT1/cmtt/m/n' in size <4.25> not available
(Font)              size <5> substituted on input line 33.


LaTeX Font Warning: Font shape `T1/cmr/bx/n' in size <8.5> not available
(Font)              size <8> substituted on input line 35.

<images/skips_m2p.pdf, id=1289, 763.85374pt x 451.6875pt>
File: images/skips_m2p.pdf Graphic file (type pdf)
<use images/skips_m2p.pdf>
Package pdftex.def Info: images/skips_m2p.pdf  used on input line 77.
(pdftex.def)             Requested size: 431.16127pt x 254.95578pt.
[80 <./images/config_skips.pdf>]
<images/a&b_mip2p.pdf, id=1307, 763.85374pt x 450.68375pt>
File: images/a&b_mip2p.pdf Graphic file (type pdf)
<use images/a&b_mip2p.pdf>
Package pdftex.def Info: images/a&b_mip2p.pdf  used on input line 134.
(pdftex.def)             Requested size: 431.16127pt x 254.3892pt.
 [81 <./images/skips_m2p.pdf>]
<images/config_internal.pdf, id=1317, 914.24263pt x 398.75674pt>
File: images/config_internal.pdf Graphic file (type pdf)
<use images/config_internal.pdf>
Package pdftex.def Info: images/config_internal.pdf  used on input line 148.
(pdftex.def)             Requested size: 414.11172pt x 180.6184pt.
 [82 <./images/a&b_mip2p.pdf> <./images/config_internal.pdf>]
<images/internal_mip2p.pdf, id=1335, 763.85374pt x 450.68375pt>
File: images/internal_mip2p.pdf Graphic file (type pdf)
<use images/internal_mip2p.pdf>
Package pdftex.def Info: images/internal_mip2p.pdf  used on input line 195.
(pdftex.def)             Requested size: 431.16127pt x 254.3892pt.
 [83 <./images/internal_mip2p.pdf>]
<images/barplot_1.pdf, id=1350, 707.64375pt x 273.02pt>
File: images/barplot_1.pdf Graphic file (type pdf)
<use images/barplot_1.pdf>
Package pdftex.def Info: images/barplot_1.pdf  used on input line 218.
(pdftex.def)             Requested size: 431.16127pt x 166.35031pt.
[84]
<images/barplot_2.pdf, id=1363, 707.64375pt x 344.28625pt>
File: images/barplot_2.pdf Graphic file (type pdf)
<use images/barplot_2.pdf>
Package pdftex.def Info: images/barplot_2.pdf  used on input line 238.
(pdftex.def)             Requested size: 431.16127pt x 209.77264pt.
 [85 <./images/barplot_1.pdf>]) (./chapters/7th_chapter.tex [86 <./images/barpl
ot_2.pdf>]
Chapter 7.
[87

]

LaTeX Warning: Citation `Yi_2019' on page 88 undefined on input line 41.

[88]

LaTeX Warning: Citation `pix2pix' on page 89 undefined on input line 59.


LaTeX Warning: Citation `migan' on page 89 undefined on input line 59.


LaTeX Warning: Citation `migan' on page 89 undefined on input line 74.

[89]

LaTeX Warning: Citation `Yi_2019' on page 90 undefined on input line 82.

) (./chapters/acronyms.tex [90])
No file template.bbl.
(./chapters/first_appendix.tex [91

] [92

]
Appendix A.
[93]
<images/skips_p2p.pdf, id=1420, 763.85374pt x 451.6875pt>
File: images/skips_p2p.pdf Graphic file (type pdf)
<use images/skips_p2p.pdf>
Package pdftex.def Info: images/skips_p2p.pdf  used on input line 66.
(pdftex.def)             Requested size: 431.16127pt x 254.95578pt.
 [94 <./images/skips_p2p.pdf>]
<images/skips_migan.pdf, id=1426, 763.85374pt x 451.6875pt>
File: images/skips_migan.pdf Graphic file (type pdf)
<use images/skips_migan.pdf>
Package pdftex.def Info: images/skips_migan.pdf  used on input line 125.
(pdftex.def)             Requested size: 431.16127pt x 254.95578pt.
 [95 <./images/skips_migan.pdf>]
<images/a&b_p2p.pdf, id=1432, 763.85374pt x 451.6875pt>
File: images/a&b_p2p.pdf Graphic file (type pdf)
<use images/a&b_p2p.pdf>
Package pdftex.def Info: images/a&b_p2p.pdf  used on input line 180.
(pdftex.def)             Requested size: 431.16127pt x 254.95578pt.
 [96 <./images/a&b_p2p.pdf>]
<images/a&b_migan.pdf, id=1438, 763.85374pt x 449.68pt>
File: images/a&b_migan.pdf Graphic file (type pdf)
<use images/a&b_migan.pdf>
Package pdftex.def Info: images/a&b_migan.pdf  used on input line 235.
(pdftex.def)             Requested size: 431.16127pt x 253.82265pt.
 [97 <./images/a&b_migan.pdf>]
<images/internal_p2p.pdf, id=1445, 763.85374pt x 451.6875pt>
File: images/internal_p2p.pdf Graphic file (type pdf)
<use images/internal_p2p.pdf>
Package pdftex.def Info: images/internal_p2p.pdf  used on input line 284.
(pdftex.def)             Requested size: 431.16127pt x 254.95578pt.
 [98 <./images/internal_p2p.pdf>]
<images/internal_migan.pdf, id=1452, 763.85374pt x 452.69125pt>
File: images/internal_migan.pdf Graphic file (type pdf)
<use images/internal_migan.pdf>
Package pdftex.def Info: images/internal_migan.pdf  used on input line 331.
(pdftex.def)             Requested size: 431.16127pt x 255.52235pt.
) [99 <./images/internal_migan.pdf>]
Package atveryend Info: Empty hook `BeforeClearDocument' on input line 201.
Package atveryend Info: Empty hook `AfterLastShipout' on input line 201.
 (./template.aux)
Package atveryend Info: Executing hook `AtVeryEndDocument' on input line 201.
Package atveryend Info: Executing hook `AtEndAfterFileList' on input line 201.
Package rerunfilecheck Info: File `template.out' has not changed.
(rerunfilecheck)             Checksum: BAFED5A93B77C7DC6F5A27926DB3B8B8;4547.


LaTeX Font Warning: Size substitutions with differences
(Font)              up to 0.75pt have occurred.


LaTeX Warning: There were undefined references.

 )
(\end occurred inside a group at level 2)

### semi simple group (level 2) entered at line 162 (\begingroup)
### semi simple group (level 1) entered at line 5 (\begingroup)
### bottom level 
Here is how much of TeX's memory you used:
 46774 strings out of 492167
 1041282 string characters out of 6131558
 1247596 words of memory out of 5000000
 49960 multiletter control sequences out of 15000+600000
 572445 words of font info for 214 fonts, out of 8000000 for 9000
 1141 hyphenation exceptions out of 8191
 76i,12n,111p,1460b,1050s stack positions out of 5000i,500n,10000p,200000b,80000s
{/usr/share/texmf-dist/fonts/enc/dvips/cm-super/cm-super-t1.enc
}</usr/share/texmf-dist/fonts/type1/public/amsfonts/cm/cmbx10.pfb></usr/share/t
exmf-dist/fonts/type1/public/amsfonts/cm/cmbx12.pfb></usr/share/texmf-dist/font
s/type1/public/amsfonts/cm/cmbx6.pfb></usr/share/texmf-dist/fonts/type1/public/
amsfonts/cm/cmbx8.pfb></usr/share/texmf-dist/fonts/type1/public/amsfonts/cm/cme
x10.pfb></usr/share/texmf-dist/fonts/type1/public/amsfonts/cm/cmmi10.pfb></usr/
share/texmf-dist/fonts/type1/public/amsfonts/cm/cmmi12.pfb></usr/share/texmf-di
st/fonts/type1/public/amsfonts/cm/cmmi5.pfb></usr/share/texmf-dist/fonts/type1/
public/amsfonts/cm/cmmi6.pfb></usr/share/texmf-dist/fonts/type1/public/amsfonts
/cm/cmmi8.pfb></usr/share/texmf-dist/fonts/type1/public/amsfonts/cm/cmr10.pfb><
/usr/share/texmf-dist/fonts/type1/public/amsfonts/cm/cmr12.pfb></usr/share/texm
f-dist/fonts/type1/public/amsfonts/cm/cmr5.pfb></usr/share/texmf-dist/fonts/typ
e1/public/amsfonts/cm/cmr6.pfb></usr/share/texmf-dist/fonts/type1/public/amsfon
ts/cm/cmr8.pfb></usr/share/texmf-dist/fonts/type1/public/amsfonts/cm/cmsy10.pfb
></usr/share/texmf-dist/fonts/type1/public/amsfonts/cm/cmsy6.pfb></usr/share/te
xmf-dist/fonts/type1/public/amsfonts/cm/cmsy8.pfb></usr/share/texmf-dist/fonts/
type1/public/amsfonts/symbols/msbm10.pfb></usr/share/texmf-dist/fonts/type1/pub
lic/cm-super/sfbx0800.pfb></usr/share/texmf-dist/fonts/type1/public/cm-super/sf
bx1095.pfb></usr/share/texmf-dist/fonts/type1/public/cm-super/sfbx1200.pfb></us
r/share/texmf-dist/fonts/type1/public/cm-super/sfbx1440.pfb></usr/share/texmf-d
ist/fonts/type1/public/cm-super/sfbx1728.pfb></usr/share/texmf-dist/fonts/type1
/public/cm-super/sfbx2488.pfb></usr/share/texmf-dist/fonts/type1/public/cm-supe
r/sfrm0800.pfb></usr/share/texmf-dist/fonts/type1/public/cm-super/sfrm1095.pfb>
</usr/share/texmf-dist/fonts/type1/public/cm-super/sfrm1200.pfb></usr/share/tex
mf-dist/fonts/type1/public/cm-super/sfti0800.pfb></usr/share/texmf-dist/fonts/t
ype1/public/cm-super/sfti1095.pfb></usr/share/texmf-dist/fonts/type1/public/cm-
super/sfti1200.pfb>
Output written on template.pdf (99 pages, 5196634 bytes).
PDF statistics:
 1617 PDF objects out of 1728 (max. 8388607)
 1355 compressed objects within 14 object streams
 272 named destinations out of 1000 (max. 500000)
 45821 words of extra memory for PDF output out of 51595 (max. 10000000)

